iter.000001/01.model_devi/task.000.000000 2420
iter.000001/01.model_devi/task.000.000000 830
iter.000001/01.model_devi/task.000.000000 2230
iter.000001/01.model_devi/task.000.000000 770
iter.000001/01.model_devi/task.000.000000 1910
iter.000001/01.model_devi/task.000.000000 2010
iter.000001/01.model_devi/task.000.000000 2240
iter.000001/01.model_devi/task.000.000000 2410
iter.000001/01.model_devi/task.000.000000 870
iter.000001/01.model_devi/task.000.000000 1940
iter.000001/01.model_devi/task.000.000000 2400
iter.000001/01.model_devi/task.000.000000 1920
iter.000001/01.model_devi/task.000.000000 30
iter.000001/01.model_devi/task.000.000000 1930
iter.000001/01.model_devi/task.000.000000 40
iter.000001/01.model_devi/task.000.000000 2270
iter.000001/01.model_devi/task.000.000000 880
iter.000001/01.model_devi/task.000.000000 1900
iter.000001/01.model_devi/task.000.000000 10
iter.000001/01.model_devi/task.000.000000 740
