iter.000001/01.model_devi/task.000.000000 2630
iter.000001/01.model_devi/task.000.000000 2730
iter.000001/01.model_devi/task.000.000000 290
iter.000001/01.model_devi/task.000.000000 240
iter.000001/01.model_devi/task.000.000000 2900
iter.000001/01.model_devi/task.000.000000 1970
iter.000001/01.model_devi/task.000.000000 1140
iter.000001/01.model_devi/task.000.000000 600
iter.000001/01.model_devi/task.000.000000 1340
iter.000001/01.model_devi/task.000.000000 1010
iter.000001/01.model_devi/task.000.000000 430
iter.000001/01.model_devi/task.000.000000 2580
iter.000001/01.model_devi/task.000.000000 2930
iter.000001/01.model_devi/task.000.000000 2440
iter.000001/01.model_devi/task.000.000000 1060
iter.000001/01.model_devi/task.000.000000 960
iter.000001/01.model_devi/task.000.000000 60
iter.000001/01.model_devi/task.000.000000 2000
iter.000001/01.model_devi/task.000.000000 1230
iter.000001/01.model_devi/task.000.000000 1330
iter.000001/01.model_devi/task.000.000000 800
iter.000001/01.model_devi/task.000.000000 2450
iter.000001/01.model_devi/task.000.000000 1500
iter.000001/01.model_devi/task.000.000000 980
iter.000001/01.model_devi/task.000.000000 100
iter.000001/01.model_devi/task.000.000000 2940
iter.000001/01.model_devi/task.000.000000 1800
iter.000001/01.model_devi/task.000.000000 1250
iter.000001/01.model_devi/task.000.000000 2560
iter.000001/01.model_devi/task.000.000000 530
iter.000001/01.model_devi/task.000.000000 660
iter.000001/01.model_devi/task.000.000000 2660
iter.000001/01.model_devi/task.000.000000 2160
iter.000001/01.model_devi/task.000.000000 2620
iter.000001/01.model_devi/task.000.000000 950
iter.000001/01.model_devi/task.000.000000 420
iter.000001/01.model_devi/task.000.000000 490
iter.000001/01.model_devi/task.000.000000 2950
iter.000001/01.model_devi/task.000.000000 2030
iter.000001/01.model_devi/task.000.000000 920
iter.000001/01.model_devi/task.000.000000 2590
iter.000001/01.model_devi/task.000.000000 2800
iter.000001/01.model_devi/task.000.000000 1540
iter.000001/01.model_devi/task.000.000000 2150
iter.000001/01.model_devi/task.000.000000 1610
iter.000001/01.model_devi/task.000.000000 110
iter.000001/01.model_devi/task.000.000000 2210
iter.000001/01.model_devi/task.000.000000 310
iter.000001/01.model_devi/task.000.000000 1760
iter.000001/01.model_devi/task.000.000000 2460
iter.000001/01.model_devi/task.000.000000 1170
iter.000001/01.model_devi/task.000.000000 2870
iter.000001/01.model_devi/task.000.000000 2650
iter.000001/01.model_devi/task.000.000000 1240
iter.000001/01.model_devi/task.000.000000 700
iter.000001/01.model_devi/task.000.000000 390
iter.000001/01.model_devi/task.000.000000 180
iter.000001/01.model_devi/task.000.000000 990
iter.000001/01.model_devi/task.000.000000 1870
iter.000001/01.model_devi/task.000.000000 2640
iter.000001/01.model_devi/task.000.000000 860
iter.000001/01.model_devi/task.000.000000 370
iter.000001/01.model_devi/task.000.000000 1600
iter.000001/01.model_devi/task.000.000000 470
iter.000001/01.model_devi/task.000.000000 90
iter.000001/01.model_devi/task.000.000000 2190
iter.000001/01.model_devi/task.000.000000 2520
iter.000001/01.model_devi/task.000.000000 2710
iter.000001/01.model_devi/task.000.000000 140
iter.000001/01.model_devi/task.000.000000 1300
iter.000001/01.model_devi/task.000.000000 1630
iter.000001/01.model_devi/task.000.000000 2670
iter.000001/01.model_devi/task.000.000000 2550
iter.000001/01.model_devi/task.000.000000 1490
iter.000001/01.model_devi/task.000.000000 2490
iter.000001/01.model_devi/task.000.000000 2040
iter.000001/01.model_devi/task.000.000000 2200
iter.000001/01.model_devi/task.000.000000 360
iter.000001/01.model_devi/task.000.000000 200
iter.000001/01.model_devi/task.000.000000 620
iter.000001/01.model_devi/task.000.000000 710
iter.000001/01.model_devi/task.000.000000 1780
iter.000001/01.model_devi/task.000.000000 2860
iter.000001/01.model_devi/task.000.000000 560
iter.000001/01.model_devi/task.000.000000 2890
iter.000001/01.model_devi/task.000.000000 2540
iter.000001/01.model_devi/task.000.000000 2360
iter.000001/01.model_devi/task.000.000000 1430
iter.000001/01.model_devi/task.000.000000 2300
iter.000001/01.model_devi/task.000.000000 850
iter.000001/01.model_devi/task.000.000000 1350
iter.000001/01.model_devi/task.000.000000 380
iter.000001/01.model_devi/task.000.000000 260
iter.000001/01.model_devi/task.000.000000 760
iter.000001/01.model_devi/task.000.000000 650
iter.000001/01.model_devi/task.000.000000 940
iter.000001/01.model_devi/task.000.000000 1100
iter.000001/01.model_devi/task.000.000000 1660
iter.000001/01.model_devi/task.000.000000 2340
iter.000001/01.model_devi/task.000.000000 2050
iter.000001/01.model_devi/task.000.000000 1640
iter.000001/01.model_devi/task.000.000000 2110
iter.000001/01.model_devi/task.000.000000 1310
iter.000001/01.model_devi/task.000.000000 2700
iter.000001/01.model_devi/task.000.000000 1150
iter.000001/01.model_devi/task.000.000000 150
iter.000001/01.model_devi/task.000.000000 790
iter.000001/01.model_devi/task.000.000000 2880
iter.000001/01.model_devi/task.000.000000 120
iter.000001/01.model_devi/task.000.000000 350
iter.000001/01.model_devi/task.000.000000 1410
iter.000001/01.model_devi/task.000.000000 1130
iter.000001/01.model_devi/task.000.000000 1160
iter.000001/01.model_devi/task.000.000000 2980
iter.000001/01.model_devi/task.000.000000 510
iter.000001/01.model_devi/task.000.000000 2600
iter.000001/01.model_devi/task.000.000000 1580
iter.000001/01.model_devi/task.000.000000 2290
iter.000001/01.model_devi/task.000.000000 1990
iter.000001/01.model_devi/task.000.000000 1420
iter.000001/01.model_devi/task.000.000000 1480
iter.000001/01.model_devi/task.000.000000 1960
iter.000001/01.model_devi/task.000.000000 1560
iter.000001/01.model_devi/task.000.000000 2260
iter.000001/01.model_devi/task.000.000000 1090
iter.000001/01.model_devi/task.000.000000 1320
iter.000001/01.model_devi/task.000.000000 2220
iter.000001/01.model_devi/task.000.000000 2280
iter.000001/01.model_devi/task.000.000000 1050
iter.000001/01.model_devi/task.000.000000 1710
iter.000001/01.model_devi/task.000.000000 550
iter.000001/01.model_devi/task.000.000000 1440
iter.000001/01.model_devi/task.000.000000 840
iter.000001/01.model_devi/task.000.000000 320
iter.000001/01.model_devi/task.000.000000 1390
iter.000001/01.model_devi/task.000.000000 500
iter.000001/01.model_devi/task.000.000000 1380
iter.000001/01.model_devi/task.000.000000 2790
iter.000001/01.model_devi/task.000.000000 50
iter.000001/01.model_devi/task.000.000000 2970
iter.000001/01.model_devi/task.000.000000 1690
iter.000001/01.model_devi/task.000.000000 1210
iter.000001/01.model_devi/task.000.000000 2740
iter.000001/01.model_devi/task.000.000000 2990
iter.000001/01.model_devi/task.000.000000 970
iter.000001/01.model_devi/task.000.000000 2080
iter.000001/01.model_devi/task.000.000000 2170
iter.000001/01.model_devi/task.000.000000 340
iter.000001/01.model_devi/task.000.000000 70
iter.000001/01.model_devi/task.000.000000 2750
iter.000001/01.model_devi/task.000.000000 690
iter.000001/01.model_devi/task.000.000000 2810
iter.000001/01.model_devi/task.000.000000 1290
iter.000001/01.model_devi/task.000.000000 1670
iter.000001/01.model_devi/task.000.000000 2250
iter.000001/01.model_devi/task.000.000000 1080
iter.000001/01.model_devi/task.000.000000 2070
iter.000001/01.model_devi/task.000.000000 1620
iter.000001/01.model_devi/task.000.000000 1180
iter.000001/01.model_devi/task.000.000000 450
iter.000001/01.model_devi/task.000.000000 2720
iter.000001/01.model_devi/task.000.000000 440
iter.000001/01.model_devi/task.000.000000 330
iter.000001/01.model_devi/task.000.000000 170
iter.000001/01.model_devi/task.000.000000 280
iter.000001/01.model_devi/task.000.000000 1360
iter.000001/01.model_devi/task.000.000000 1400
iter.000001/01.model_devi/task.000.000000 1880
iter.000001/01.model_devi/task.000.000000 2180
iter.000001/01.model_devi/task.000.000000 2680
iter.000001/01.model_devi/task.000.000000 2770
iter.000001/01.model_devi/task.000.000000 1830
iter.000001/01.model_devi/task.000.000000 1190
iter.000001/01.model_devi/task.000.000000 1590
iter.000001/01.model_devi/task.000.000000 2380
iter.000001/01.model_devi/task.000.000000 1470
iter.000001/01.model_devi/task.000.000000 1530
iter.000001/01.model_devi/task.000.000000 2780
iter.000001/01.model_devi/task.000.000000 400
iter.000001/01.model_devi/task.000.000000 720
iter.000001/01.model_devi/task.000.000000 410
iter.000001/01.model_devi/task.000.000000 1270
iter.000001/01.model_devi/task.000.000000 1740
iter.000001/01.model_devi/task.000.000000 3000
iter.000001/01.model_devi/task.000.000000 1370
iter.000001/01.model_devi/task.000.000000 1770
iter.000001/01.model_devi/task.000.000000 2060
iter.000001/01.model_devi/task.000.000000 2850
iter.000001/01.model_devi/task.000.000000 2830
iter.000001/01.model_devi/task.000.000000 1550
iter.000001/01.model_devi/task.000.000000 590
iter.000001/01.model_devi/task.000.000000 210
iter.000001/01.model_devi/task.000.000000 2690
iter.000001/01.model_devi/task.000.000000 1120
iter.000001/01.model_devi/task.000.000000 900
iter.000001/01.model_devi/task.000.000000 130
iter.000001/01.model_devi/task.000.000000 2610
iter.000001/01.model_devi/task.000.000000 190
iter.000001/01.model_devi/task.000.000000 2140
iter.000001/01.model_devi/task.000.000000 2120
iter.000001/01.model_devi/task.000.000000 930
iter.000001/01.model_devi/task.000.000000 1850
iter.000001/01.model_devi/task.000.000000 610
iter.000001/01.model_devi/task.000.000000 2910
iter.000001/01.model_devi/task.000.000000 2820
iter.000001/01.model_devi/task.000.000000 1730
iter.000001/01.model_devi/task.000.000000 750
iter.000001/01.model_devi/task.000.000000 2530
iter.000001/01.model_devi/task.000.000000 1280
iter.000001/01.model_devi/task.000.000000 2470
iter.000001/01.model_devi/task.000.000000 670
iter.000001/01.model_devi/task.000.000000 2020
iter.000001/01.model_devi/task.000.000000 1460
iter.000001/01.model_devi/task.000.000000 480
iter.000001/01.model_devi/task.000.000000 2500
iter.000001/01.model_devi/task.000.000000 1650
iter.000001/01.model_devi/task.000.000000 230
iter.000001/01.model_devi/task.000.000000 1750
iter.000001/01.model_devi/task.000.000000 2920
iter.000001/01.model_devi/task.000.000000 1890
iter.000001/01.model_devi/task.000.000000 730
iter.000001/01.model_devi/task.000.000000 1810
iter.000001/01.model_devi/task.000.000000 580
iter.000001/01.model_devi/task.000.000000 1000
iter.000001/01.model_devi/task.000.000000 1040
iter.000001/01.model_devi/task.000.000000 460
iter.000001/01.model_devi/task.000.000000 1030
iter.000001/01.model_devi/task.000.000000 2320
iter.000001/01.model_devi/task.000.000000 1720
iter.000001/01.model_devi/task.000.000000 1260
iter.000001/01.model_devi/task.000.000000 780
iter.000001/01.model_devi/task.000.000000 1070
iter.000001/01.model_devi/task.000.000000 300
iter.000001/01.model_devi/task.000.000000 2430
iter.000001/01.model_devi/task.000.000000 640
iter.000001/01.model_devi/task.000.000000 2370
iter.000001/01.model_devi/task.000.000000 2760
iter.000001/01.model_devi/task.000.000000 810
iter.000001/01.model_devi/task.000.000000 2130
iter.000001/01.model_devi/task.000.000000 630
iter.000001/01.model_devi/task.000.000000 1790
iter.000001/01.model_devi/task.000.000000 160
iter.000001/01.model_devi/task.000.000000 220
iter.000001/01.model_devi/task.000.000000 1950
iter.000001/01.model_devi/task.000.000000 2840
iter.000001/01.model_devi/task.000.000000 1570
iter.000001/01.model_devi/task.000.000000 1020
iter.000001/01.model_devi/task.000.000000 2390
iter.000001/01.model_devi/task.000.000000 2480
iter.000001/01.model_devi/task.000.000000 1680
iter.000001/01.model_devi/task.000.000000 1700
iter.000001/01.model_devi/task.000.000000 2310
iter.000001/01.model_devi/task.000.000000 820
iter.000001/01.model_devi/task.000.000000 1510
iter.000001/01.model_devi/task.000.000000 250
iter.000001/01.model_devi/task.000.000000 2090
iter.000001/01.model_devi/task.000.000000 680
iter.000001/01.model_devi/task.000.000000 2570
iter.000001/01.model_devi/task.000.000000 270
iter.000001/01.model_devi/task.000.000000 1450
iter.000001/01.model_devi/task.000.000000 1860
iter.000001/01.model_devi/task.000.000000 1980
iter.000001/01.model_devi/task.000.000000 540
iter.000001/01.model_devi/task.000.000000 2100
iter.000001/01.model_devi/task.000.000000 520
iter.000001/01.model_devi/task.000.000000 570
iter.000001/01.model_devi/task.000.000000 1820
iter.000001/01.model_devi/task.000.000000 1200
iter.000001/01.model_devi/task.000.000000 890
iter.000001/01.model_devi/task.000.000000 2960
iter.000001/01.model_devi/task.000.000000 1840
iter.000001/01.model_devi/task.000.000000 2350
iter.000001/01.model_devi/task.000.000000 910
iter.000001/01.model_devi/task.000.000000 80
iter.000001/01.model_devi/task.000.000000 1520
iter.000001/01.model_devi/task.000.000000 2510
iter.000001/01.model_devi/task.000.000000 1220
iter.000001/01.model_devi/task.000.000000 2330
iter.000001/01.model_devi/task.000.000000 1110
