Running Python script with: 100 3d
Running Python script with: 100 3d
Running Python script with: 100 3d
Running Python script with: 100 3d
Running Python script with: 100 3d
Running Python script with: 100 3d
Running Python script with: 100 3d
Running Python script with: 100 3d
Running Python script with: 100 3d
Running Python script with: 100 3d
Traceback (most recent call last):
  File "/home/sekinelabo/Documents/random_coords_for_gaussian/./generate_gaussian_file/generate_gaussian_file.py", line 23, in <module>
    os.makedirs(directory_path)
  File "<frozen os>", line 225, in makedirs
FileExistsError: [Errno 17] File exists: './comfile/3d/'
File path extracted: 
Gaussian Launching...
./automation.sh: 行 34: : そのようなファイルやディレクトリはありません
Gaussian Done
File path extracted: ./comfile/3d/3d_set_1.com
Gaussian Launching...
File path extracted: ./comfile/3d/3d_set_5.com
File path extracted: ./comfile/3d/3d_set_7.com
File path extracted: ./comfile/3d/3d_set_6.com
Gaussian Launching...
Gaussian Launching...
Gaussian Launching...
File path extracted: ./comfile/3d/3d_set_2.com
File path extracted: ./comfile/3d/3d_set_2.com
Gaussian Launching...
File path extracted: ./comfile/3d/3d_set_8.com
File path extracted: ./comfile/3d/3d_set_4.com
Gaussian Launching...
Gaussian Launching...
Gaussian Launching...
File path extracted: ./comfile/3d/3d_set_3.com
Gaussian Launching...
Input file './logfile/3d/.log' does not exist.
Error: segmentation violation
   rax 0000000000000000, rbx ffffffffffffffff, rcx 00001528ae64275b
   rdx 0000000000000000, rsp 00007ffd503aad48, rbp 00007ffd503ab2c0
   rsi 000000000000000b, rdi 0000000000011c3e, r8  00001525ae5ff000
   r9  00007ffd503aa458, r10 00001528ae612f60, r11 0000000000000206
   r12 00007ffd503ab308, r13 0000000000000000, r14 0000000000000000
   r15 00000000000003e6
  /lib/x86_64-linux-gnu/libc.so.6(+0x42520) [0x1528ae642520]
  /lib/x86_64-linux-gnu/libc.so.6(kill+0xb) [0x1528ae64275b]
  /home/sekinelabo/g16/l101.exe() [0x4936d0]
  /home/sekinelabo/g16/l101.exe() [0x4ab851]
  /home/sekinelabo/g16/l101.exe() [0x4d2497]
  /home/sekinelabo/g16/l101.exe() [0x4ba3f0]
  /home/sekinelabo/g16/l101.exe() [0x4b9edc]
  /home/sekinelabo/g16/l101.exe() [0x50583c]
  /home/sekinelabo/g16/l101.exe() [0x40c958]
  /home/sekinelabo/g16/l101.exe() [0x407493]
  /home/sekinelabo/g16/l101.exe() [0x404620]
  /home/sekinelabo/g16/l101.exe() [0x40455b]
  /lib/x86_64-linux-gnu/libc.so.6(+0x29d90) [0x1528ae629d90]
  /lib/x86_64-linux-gnu/libc.so.6(__libc_start_main+0x80) [0x1528ae629e40]
  /home/sekinelabo/g16/l101.exe(sched_setaffinity+0xb9) [0x404469]
Aborted (core dumped)
Gaussian Done
Traceback (most recent call last):
  File "/home/sekinelabo/Documents/random_coords_for_gaussian/./postprocess/import_gaussian_multiframes.py", line 37, in <module>
    multiple = dpdata.LabeledSystem(file_name=input_file, fmt="gaussian/md")
               ^^^^^^^^^^^^^^^^^^^^^^^^^^^^^^^^^^^^^^^^^^^^^^^^^^^^^^^^^^^^^
  File "/home/sekinelabo/.pyenv/versions/3.11.4/lib/python3.11/site-packages/dpdata/system.py", line 281, in __init__
    self.from_fmt(
  File "/home/sekinelabo/.pyenv/versions/3.11.4/lib/python3.11/site-packages/dpdata/system.py", line 318, in from_fmt
    return self.from_fmt_obj(load_format(fmt), file_name, **kwargs)
           ^^^^^^^^^^^^^^^^^^^^^^^^^^^^^^^^^^^^^^^^^^^^^^^^^^^^^^^^
  File "/home/sekinelabo/.pyenv/versions/3.11.4/lib/python3.11/site-packages/dpdata/system.py", line 1162, in from_fmt_obj
    data = fmtobj.from_labeled_system(file_name, **kwargs)
           ^^^^^^^^^^^^^^^^^^^^^^^^^^^^^^^^^^^^^^^^^^^^^^^
  File "/home/sekinelabo/.pyenv/versions/3.11.4/lib/python3.11/site-packages/dpdata/plugins/gaussian.py", line 23, in from_labeled_system
    return GaussianLogFormat().from_labeled_system(file_name, md=True)
           ^^^^^^^^^^^^^^^^^^^^^^^^^^^^^^^^^^^^^^^^^^^^^^^^^^^^^^^^^^^
  File "/home/sekinelabo/.pyenv/versions/3.11.4/lib/python3.11/site-packages/dpdata/plugins/gaussian.py", line 15, in from_labeled_system
    return dpdata.gaussian.log.to_system_data(file_name, md=md)
           ^^^^^^^^^^^^^^^^^^^^^^^^^^^^^^^^^^^^^^^^^^^^^^^^^^^^
  File "/home/sekinelabo/.pyenv/versions/3.11.4/lib/python3.11/site-packages/dpdata/gaussian/log.py", line 65, in to_system_data
    [float(line[23:38]), float(line[38:53]), float(line[53:68])]
     ^^^^^^^^^^^^^^^^^^
ValueError: could not convert string to float: '    0.00 No NMR'
Error: segmentation violation
   rax 0000000000000000, rbx ffffffffffffffff, rcx 000014f43584275b
   rdx 0000000000000000, rsp 00007ffc533e79d8, rbp 00007ffc533e7f50
   rsi 000000000000000b, rdi 0000000000011d70, r8  000014f1357ff000
   r9  00007ffc533e70e8, r10 000014f435812f60, r11 0000000000000206
   r12 00007ffc533e7f98, r13 0000000000000000, r14 0000000000000000
   r15 00000000000003e6
  /lib/x86_64-linux-gnu/libc.so.6(+0x42520) [0x14f435842520]
  /lib/x86_64-linux-gnu/libc.so.6(kill+0xb) [0x14f43584275b]
  /home/sekinelabo/g16/l101.exe() [0x4936d0]
  /home/sekinelabo/g16/l101.exe() [0x4ab851]
  /home/sekinelabo/g16/l101.exe() [0x4d2497]
  /home/sekinelabo/g16/l101.exe() [0x4ba3f0]
  /home/sekinelabo/g16/l101.exe() [0x4b9edc]
  /home/sekinelabo/g16/l101.exe() [0x50583c]
  /home/sekinelabo/g16/l101.exe() [0x40c958]
  /home/sekinelabo/g16/l101.exe() [0x407493]
  /home/sekinelabo/g16/l101.exe() [0x404620]
  /home/sekinelabo/g16/l101.exe() [0x40455b]
  /lib/x86_64-linux-gnu/libc.so.6(+0x29d90) [0x14f435829d90]
  /lib/x86_64-linux-gnu/libc.so.6(__libc_start_main+0x80) [0x14f435829e40]
  /home/sekinelabo/g16/l101.exe(sched_setaffinity+0xb9) [0x404469]
Aborted (core dumped)
Gaussian Done
Traceback (most recent call last):
  File "/home/sekinelabo/Documents/random_coords_for_gaussian/./postprocess/import_gaussian_multiframes.py", line 37, in <module>
    multiple = dpdata.LabeledSystem(file_name=input_file, fmt="gaussian/md")
               ^^^^^^^^^^^^^^^^^^^^^^^^^^^^^^^^^^^^^^^^^^^^^^^^^^^^^^^^^^^^^
  File "/home/sekinelabo/.pyenv/versions/3.11.4/lib/python3.11/site-packages/dpdata/system.py", line 281, in __init__
    self.from_fmt(
  File "/home/sekinelabo/.pyenv/versions/3.11.4/lib/python3.11/site-packages/dpdata/system.py", line 318, in from_fmt
    return self.from_fmt_obj(load_format(fmt), file_name, **kwargs)
           ^^^^^^^^^^^^^^^^^^^^^^^^^^^^^^^^^^^^^^^^^^^^^^^^^^^^^^^^
  File "/home/sekinelabo/.pyenv/versions/3.11.4/lib/python3.11/site-packages/dpdata/system.py", line 1162, in from_fmt_obj
    data = fmtobj.from_labeled_system(file_name, **kwargs)
           ^^^^^^^^^^^^^^^^^^^^^^^^^^^^^^^^^^^^^^^^^^^^^^^
  File "/home/sekinelabo/.pyenv/versions/3.11.4/lib/python3.11/site-packages/dpdata/plugins/gaussian.py", line 23, in from_labeled_system
    return GaussianLogFormat().from_labeled_system(file_name, md=True)
           ^^^^^^^^^^^^^^^^^^^^^^^^^^^^^^^^^^^^^^^^^^^^^^^^^^^^^^^^^^^
  File "/home/sekinelabo/.pyenv/versions/3.11.4/lib/python3.11/site-packages/dpdata/plugins/gaussian.py", line 15, in from_labeled_system
    return dpdata.gaussian.log.to_system_data(file_name, md=md)
           ^^^^^^^^^^^^^^^^^^^^^^^^^^^^^^^^^^^^^^^^^^^^^^^^^^^^
  File "/home/sekinelabo/.pyenv/versions/3.11.4/lib/python3.11/site-packages/dpdata/gaussian/log.py", line 65, in to_system_data
    [float(line[23:38]), float(line[38:53]), float(line[53:68])]
     ^^^^^^^^^^^^^^^^^^
ValueError: could not convert string to float: '    0.00 No NMR'
Error: segmentation violation
   rax 0000000000000000, rbx ffffffffffffffff, rcx 000015266ca4275b
   rdx 0000000000000000, rsp 00007ffe4f65da88, rbp 00007ffe4f65e000
   rsi 000000000000000b, rdi 000000000001454f, r8  000015236c9ff000
   r9  00007ffe4f65d198, r10 000015266ca12f60, r11 0000000000000206
   r12 00007ffe4f65e048, r13 0000000000000000, r14 0000000000000000
   r15 00000000000003e6
  /lib/x86_64-linux-gnu/libc.so.6(+0x42520) [0x15266ca42520]
  /lib/x86_64-linux-gnu/libc.so.6(kill+0xb) [0x15266ca4275b]
  /home/sekinelabo/g16/l701.exe() [0x425e00]
  /home/sekinelabo/g16/l701.exe() [0x43d5c1]
  /home/sekinelabo/g16/l701.exe() [0x48b1b7]
  /home/sekinelabo/g16/l701.exe() [0x54f4dd]
  /home/sekinelabo/g16/l701.exe() [0x404aee]
  /home/sekinelabo/g16/l701.exe() [0x404620]
  /home/sekinelabo/g16/l701.exe() [0x40455b]
  /lib/x86_64-linux-gnu/libc.so.6(+0x29d90) [0x15266ca29d90]
  /lib/x86_64-linux-gnu/libc.so.6(__libc_start_main+0x80) [0x15266ca29e40]
  /home/sekinelabo/g16/l701.exe(sched_setaffinity+0xb9) [0x404469]
Aborted (core dumped)
Gaussian Done
Data Summary
Labeled System
-------------------
Frame Numbers      : 36
Atom Numbers       : 4
Including Virials  : No
Element List       :
-------------------
Na
4
Gaussian Done
Data Summary
Labeled System
-------------------
Frame Numbers      : 100
Atom Numbers       : 4
Including Virials  : No
Element List       :
-------------------
Na
4
Gaussian Done
Gaussian Done
Data Summary
Labeled System
-------------------
Frame Numbers      : 100
Atom Numbers       : 4
Including Virials  : No
Element List       :
-------------------
Na
4
Data Summary
Labeled System
-------------------
Frame Numbers      : 100
Atom Numbers       : 4
Including Virials  : No
Element List       :
-------------------
Na
4
Gaussian Done
Data Summary
Labeled System
-------------------
Frame Numbers      : 100
Atom Numbers       : 4
Including Virials  : No
Element List       :
-------------------
Na
4
Gaussian Done
Data Summary
Labeled System
-------------------
Frame Numbers      : 100
Atom Numbers       : 4
Including Virials  : No
Element List       :
-------------------
Na
4
Gaussian Done
Data Summary
Labeled System
-------------------
Frame Numbers      : 100
Atom Numbers       : 4
Including Virials  : No
Element List       :
-------------------
Na
4
Running Python script with: 200 3d
Running Python script with: 200 3d
Running Python script with: 200 3d
Running Python script with: 200 3d
Running Python script with: 200 3d
Running Python script with: 200 3d
Running Python script with: 200 3d
Running Python script with: 200 3d
Running Python script with: 200 3d
Running Python script with: 200 3d
File path extracted: ./comfile/3d/3d_set_1.com
Gaussian Launching...
File path extracted: ./comfile/3d/3d_set_2.com
File path extracted: ./comfile/3d/3d_set_3.com
Gaussian Launching...
Gaussian Launching...
File path extracted: ./comfile/3d/3d_set_5.com
File path extracted: ./comfile/3d/3d_set_4.com
Gaussian Launching...
Gaussian Launching...
File path extracted: ./comfile/3d/3d_set_6.com
Gaussian Launching...
File path extracted: ./comfile/3d/3d_set_7.com
Gaussian Launching...
File path extracted: ./comfile/3d/3d_set_8.com
File path extracted: ./comfile/3d/3d_set_9.com
File path extracted: ./comfile/3d/3d_set_10.com
Gaussian Launching...
Gaussian Launching...
Gaussian Launching...
Error: segmentation violation
   rax 0000000000000000, rbx ffffffffffffffff, rcx 000014ed3fa4275b
   rdx 0000000000000000, rsp 00007ffd289aff08, rbp 00007ffd289b0480
   rsi 000000000000000b, rdi 0000000000071a09, r8  000014ea3f9ff000
   r9  00007ffd289af618, r10 000014ed3fa12f60, r11 0000000000000202
   r12 00007ffd289b04c8, r13 0000000000000000, r14 0000000000000000
   r15 00000000000003e6
  /lib/x86_64-linux-gnu/libc.so.6(+0x42520) [0x14ed3fa42520]
  /lib/x86_64-linux-gnu/libc.so.6(kill+0xb) [0x14ed3fa4275b]
  /home/sekinelabo/g16/l701.exe() [0x425e00]
  /home/sekinelabo/g16/l701.exe() [0x43d5c1]
  /home/sekinelabo/g16/l701.exe() [0x48b1b7]
  /home/sekinelabo/g16/l701.exe() [0x54f4dd]
  /home/sekinelabo/g16/l701.exe() [0x404aee]
  /home/sekinelabo/g16/l701.exe() [0x404620]
  /home/sekinelabo/g16/l701.exe() [0x40455b]
  /lib/x86_64-linux-gnu/libc.so.6(+0x29d90) [0x14ed3fa29d90]
  /lib/x86_64-linux-gnu/libc.so.6(__libc_start_main+0x80) [0x14ed3fa29e40]
  /home/sekinelabo/g16/l701.exe(sched_setaffinity+0xb9) [0x404469]
Aborted (core dumped)
Gaussian Done
Data Summary
Labeled System
-------------------
Frame Numbers      : 102
Atom Numbers       : 4
Including Virials  : No
Element List       :
-------------------
Na
4
Gaussian Done
Data Summary
Labeled System
-------------------
Frame Numbers      : 200
Atom Numbers       : 4
Including Virials  : No
Element List       :
-------------------
Na
4
Gaussian Done
Data Summary
Labeled System
-------------------
Frame Numbers      : 200
Atom Numbers       : 4
Including Virials  : No
Element List       :
-------------------
Na
4
Gaussian Done
Gaussian Done
Data Summary
Labeled System
-------------------
Frame Numbers      : 200
Atom Numbers       : 4
Including Virials  : No
Element List       :
-------------------
Na
4
Data Summary
Labeled System
-------------------
Frame Numbers      : 200
Atom Numbers       : 4
Including Virials  : No
Element List       :
-------------------
Na
4
Error: segmentation violation
   rax 0000000000000000, rbx ffffffffffffffff, rcx 000014633004275b
   rdx 0000000000000000, rsp 00007fff16f0db68, rbp 00007fff16f0e0e0
   rsi 000000000000000b, rdi 00000000000a2189, r8  000014602fffc000
   r9  00007fff16f0d278, r10 0000146330012f60, r11 0000000000000202
   r12 00007fff16f0e128, r13 0000000000000000, r14 0000000000000000
   r15 00000000000003e6
  /lib/x86_64-linux-gnu/libc.so.6(+0x42520) [0x146330042520]
  /lib/x86_64-linux-gnu/libc.so.6(kill+0xb) [0x14633004275b]
  /home/sekinelabo/g16/l701.exe() [0x425e00]
  /home/sekinelabo/g16/l701.exe() [0x43d5c1]
  /home/sekinelabo/g16/l701.exe() [0x48b1b7]
  /home/sekinelabo/g16/l701.exe() [0x54f4dd]
  /home/sekinelabo/g16/l701.exe() [0x404aee]
  /home/sekinelabo/g16/l701.exe() [0x404620]
  /home/sekinelabo/g16/l701.exe() [0x40455b]
  /lib/x86_64-linux-gnu/libc.so.6(+0x29d90) [0x146330029d90]
  /lib/x86_64-linux-gnu/libc.so.6(__libc_start_main+0x80) [0x146330029e40]
  /home/sekinelabo/g16/l701.exe(sched_setaffinity+0xb9) [0x404469]
Aborted (core dumped)
Gaussian Done
Data Summary
Labeled System
-------------------
Frame Numbers      : 191
Atom Numbers       : 4
Including Virials  : No
Element List       :
-------------------
Na
4
Gaussian Done
Data Summary
Labeled System
-------------------
Frame Numbers      : 200
Atom Numbers       : 4
Including Virials  : No
Element List       :
-------------------
Na
4
Gaussian Done
Data Summary
Labeled System
-------------------
Frame Numbers      : 200
Atom Numbers       : 4
Including Virials  : No
Element List       :
-------------------
Na
4
Gaussian Done
Data Summary
Labeled System
-------------------
Frame Numbers      : 200
Atom Numbers       : 4
Including Virials  : No
Element List       :
-------------------
Na
4
Gaussian Done
Data Summary
Labeled System
-------------------
Frame Numbers      : 200
Atom Numbers       : 4
Including Virials  : No
Element List       :
-------------------
Na
4
