%NProcShared=16
%mem=12GB
%Chk=checkpoint.chk
#p B3LYP/6-311+g(d) force

Test

0 1
Na 0.0 0.0 0.0
Na 4.596899930533354 0.0 0.0
Na 8.995550258382144 3.071246999169062 0.0
Na 4.9248855529279005 3.7958926325692754 0.0

--Link1--
%NProcShared=16
%mem=12GB
%Chk=checkpoint.chk
#p B3LYP/6-311+g(d) force

Test

0 1
Na 0.0 0.0 0.0
Na 4.221747289209912 0.0 0.0
Na 2.414062588706234 3.766570694469926 0.0
Na -0.695152670747007 7.740162987697332 0.0

--Link1--
%NProcShared=16
%mem=12GB
%Chk=checkpoint.chk
#p B3LYP/6-311+g(d) force

Test

0 1
Na 0.0 0.0 0.0
Na 3.053148589726736 0.0 0.0
Na -2.5690022258874743 0.29387759916482836 0.0
Na -5.79746063092831 -0.9155224395030628 0.0
