iter.000000/01.model_devi/task.000.000000 720 6
iter.000000/01.model_devi/task.000.000000 610 1
iter.000000/01.model_devi/task.000.000000 460 2
iter.000000/01.model_devi/task.000.000000 650 6
iter.000000/01.model_devi/task.000.000000 90 3
iter.000000/01.model_devi/task.000.000000 680 2
iter.000000/01.model_devi/task.000.000000 930 6
iter.000000/01.model_devi/task.000.000000 540 0
iter.000000/01.model_devi/task.000.000000 800 6
iter.000000/01.model_devi/task.000.000000 780 6
iter.000000/01.model_devi/task.000.000000 460 1
iter.000000/01.model_devi/task.000.000000 230 6
iter.000000/01.model_devi/task.000.000000 560 4
iter.000000/01.model_devi/task.000.000000 140 5
iter.000000/01.model_devi/task.000.000000 880 4
iter.000000/01.model_devi/task.000.000000 880 1
iter.000000/01.model_devi/task.000.000000 170 3
iter.000000/01.model_devi/task.000.000000 270 2
iter.000000/01.model_devi/task.000.000000 370 1
iter.000000/01.model_devi/task.000.000000 190 3
iter.000000/01.model_devi/task.000.000000 730 1
iter.000000/01.model_devi/task.000.000000 660 6
iter.000000/01.model_devi/task.000.000000 610 2
iter.000000/01.model_devi/task.000.000000 850 1
iter.000000/01.model_devi/task.000.000000 840 4
iter.000000/01.model_devi/task.000.000000 180 4
iter.000000/01.model_devi/task.000.000000 30 1
iter.000000/01.model_devi/task.000.000000 490 5
iter.000000/01.model_devi/task.000.000000 250 2
iter.000000/01.model_devi/task.000.000000 260 1
iter.000000/01.model_devi/task.000.000000 440 0
iter.000000/01.model_devi/task.000.000000 380 1
iter.000000/01.model_devi/task.000.000000 220 2
iter.000000/01.model_devi/task.000.000000 650 0
iter.000000/01.model_devi/task.000.000000 310 3
iter.000000/01.model_devi/task.000.000000 890 3
iter.000000/01.model_devi/task.000.000000 780 1
iter.000000/01.model_devi/task.000.000000 550 1
iter.000000/01.model_devi/task.000.000000 430 0
iter.000000/01.model_devi/task.000.000000 440 3
iter.000000/01.model_devi/task.000.000000 210 0
iter.000000/01.model_devi/task.000.000000 820 5
iter.000000/01.model_devi/task.000.000000 70 5
iter.000000/01.model_devi/task.000.000000 950 6
iter.000000/01.model_devi/task.000.000000 530 5
iter.000000/01.model_devi/task.000.000000 590 4
iter.000000/01.model_devi/task.000.000000 150 0
iter.000000/01.model_devi/task.000.000000 670 0
iter.000000/01.model_devi/task.000.000000 230 3
iter.000000/01.model_devi/task.000.000000 200 1
iter.000000/01.model_devi/task.000.000000 170 5
iter.000000/01.model_devi/task.000.000000 70 4
iter.000000/01.model_devi/task.000.000000 400 3
iter.000000/01.model_devi/task.000.000000 870 0
iter.000000/01.model_devi/task.000.000000 250 1
iter.000000/01.model_devi/task.000.000000 100 3
iter.000000/01.model_devi/task.000.000000 570 6
iter.000000/01.model_devi/task.000.000000 710 3
iter.000000/01.model_devi/task.000.000000 540 6
iter.000000/01.model_devi/task.000.000000 410 6
iter.000000/01.model_devi/task.000.000000 470 3
iter.000000/01.model_devi/task.000.000000 600 0
iter.000000/01.model_devi/task.000.000000 850 6
iter.000000/01.model_devi/task.000.000000 490 1
iter.000000/01.model_devi/task.000.000000 570 3
iter.000000/01.model_devi/task.000.000000 240 5
iter.000000/01.model_devi/task.000.000000 550 6
iter.000000/01.model_devi/task.000.000000 560 5
iter.000000/01.model_devi/task.000.000000 240 2
iter.000000/01.model_devi/task.000.000000 370 6
iter.000000/01.model_devi/task.000.000000 320 1
iter.000000/01.model_devi/task.000.000000 100 2
iter.000000/01.model_devi/task.000.000000 280 2
iter.000000/01.model_devi/task.000.000000 60 2
iter.000000/01.model_devi/task.000.000000 230 2
iter.000000/01.model_devi/task.000.000000 750 5
iter.000000/01.model_devi/task.000.000000 330 2
iter.000000/01.model_devi/task.000.000000 720 3
iter.000000/01.model_devi/task.000.000000 390 1
iter.000000/01.model_devi/task.000.000000 360 1
iter.000000/01.model_devi/task.000.000000 820 2
iter.000000/01.model_devi/task.000.000000 520 1
iter.000000/01.model_devi/task.000.000000 340 6
iter.000000/01.model_devi/task.000.000000 540 2
iter.000000/01.model_devi/task.000.000000 310 1
iter.000000/01.model_devi/task.000.000000 690 3
iter.000000/01.model_devi/task.000.000000 870 4
iter.000000/01.model_devi/task.000.000000 490 3
iter.000000/01.model_devi/task.000.000000 590 5
iter.000000/01.model_devi/task.000.000000 990 6
iter.000000/01.model_devi/task.000.000000 480 6
iter.000000/01.model_devi/task.000.000000 540 5
iter.000000/01.model_devi/task.000.000000 30 2
iter.000000/01.model_devi/task.000.000000 610 0
iter.000000/01.model_devi/task.000.000000 180 1
iter.000000/01.model_devi/task.000.000000 810 6
iter.000000/01.model_devi/task.000.000000 320 2
iter.000000/01.model_devi/task.000.000000 600 6
iter.000000/01.model_devi/task.000.000000 630 4
iter.000000/01.model_devi/task.000.000000 630 3
iter.000000/01.model_devi/task.000.000000 30 0
iter.000000/01.model_devi/task.000.000000 560 6
iter.000000/01.model_devi/task.000.000000 660 0
iter.000000/01.model_devi/task.000.000000 940 5
iter.000000/01.model_devi/task.000.000000 770 3
iter.000000/01.model_devi/task.000.000000 470 0
iter.000000/01.model_devi/task.000.000000 770 0
iter.000000/01.model_devi/task.000.000000 790 1
iter.000000/01.model_devi/task.000.000000 580 1
iter.000000/01.model_devi/task.000.000000 290 5
iter.000000/01.model_devi/task.000.000000 370 2
iter.000000/01.model_devi/task.000.000000 90 0
iter.000000/01.model_devi/task.000.000000 890 0
iter.000000/01.model_devi/task.000.000000 510 3
iter.000000/01.model_devi/task.000.000000 440 2
iter.000000/01.model_devi/task.000.000000 110 3
iter.000000/01.model_devi/task.000.000000 410 3
iter.000000/01.model_devi/task.000.000000 440 5
iter.000000/01.model_devi/task.000.000000 20 4
iter.000000/01.model_devi/task.000.000000 980 5
iter.000000/01.model_devi/task.000.000000 510 5
iter.000000/01.model_devi/task.000.000000 710 5
iter.000000/01.model_devi/task.000.000000 420 1
iter.000000/01.model_devi/task.000.000000 20 3
iter.000000/01.model_devi/task.000.000000 240 1
iter.000000/01.model_devi/task.000.000000 340 0
iter.000000/01.model_devi/task.000.000000 160 2
iter.000000/01.model_devi/task.000.000000 270 1
iter.000000/01.model_devi/task.000.000000 800 0
iter.000000/01.model_devi/task.000.000000 230 5
iter.000000/01.model_devi/task.000.000000 830 1
iter.000000/01.model_devi/task.000.000000 430 3
iter.000000/01.model_devi/task.000.000000 630 1
iter.000000/01.model_devi/task.000.000000 120 6
iter.000000/01.model_devi/task.000.000000 260 3
iter.000000/01.model_devi/task.000.000000 580 3
iter.000000/01.model_devi/task.000.000000 170 0
iter.000000/01.model_devi/task.000.000000 470 1
iter.000000/01.model_devi/task.000.000000 680 0
iter.000000/01.model_devi/task.000.000000 830 0
iter.000000/01.model_devi/task.000.000000 450 1
iter.000000/01.model_devi/task.000.000000 740 1
iter.000000/01.model_devi/task.000.000000 660 1
iter.000000/01.model_devi/task.000.000000 160 3
iter.000000/01.model_devi/task.000.000000 340 1
iter.000000/01.model_devi/task.000.000000 390 3
iter.000000/01.model_devi/task.000.000000 220 1
iter.000000/01.model_devi/task.000.000000 20 5
iter.000000/01.model_devi/task.000.000000 640 6
iter.000000/01.model_devi/task.000.000000 450 5
iter.000000/01.model_devi/task.000.000000 920 6
iter.000000/01.model_devi/task.000.000000 60 1
iter.000000/01.model_devi/task.000.000000 10 2
iter.000000/01.model_devi/task.000.000000 620 6
iter.000000/01.model_devi/task.000.000000 410 5
iter.000000/01.model_devi/task.000.000000 160 0
iter.000000/01.model_devi/task.000.000000 590 6
iter.000000/01.model_devi/task.000.000000 780 3
iter.000000/01.model_devi/task.000.000000 20 2
iter.000000/01.model_devi/task.000.000000 230 0
iter.000000/01.model_devi/task.000.000000 610 4
iter.000000/01.model_devi/task.000.000000 990 1
iter.000000/01.model_devi/task.000.000000 790 0
iter.000000/01.model_devi/task.000.000000 80 6
iter.000000/01.model_devi/task.000.000000 300 1
iter.000000/01.model_devi/task.000.000000 340 3
iter.000000/01.model_devi/task.000.000000 640 5
iter.000000/01.model_devi/task.000.000000 530 2
iter.000000/01.model_devi/task.000.000000 700 3
iter.000000/01.model_devi/task.000.000000 250 6
iter.000000/01.model_devi/task.000.000000 830 2
iter.000000/01.model_devi/task.000.000000 930 5
iter.000000/01.model_devi/task.000.000000 520 6
iter.000000/01.model_devi/task.000.000000 140 6
iter.000000/01.model_devi/task.000.000000 620 0
iter.000000/01.model_devi/task.000.000000 540 1
iter.000000/01.model_devi/task.000.000000 520 2
iter.000000/01.model_devi/task.000.000000 650 1
iter.000000/01.model_devi/task.000.000000 110 0
iter.000000/01.model_devi/task.000.000000 980 3
iter.000000/01.model_devi/task.000.000000 310 6
iter.000000/01.model_devi/task.000.000000 440 1
iter.000000/01.model_devi/task.000.000000 820 0
iter.000000/01.model_devi/task.000.000000 90 1
iter.000000/01.model_devi/task.000.000000 720 4
iter.000000/01.model_devi/task.000.000000 60 0
iter.000000/01.model_devi/task.000.000000 320 5
iter.000000/01.model_devi/task.000.000000 70 0
iter.000000/01.model_devi/task.000.000000 60 5
iter.000000/01.model_devi/task.000.000000 370 5
iter.000000/01.model_devi/task.000.000000 750 0
iter.000000/01.model_devi/task.000.000000 50 0
iter.000000/01.model_devi/task.000.000000 160 6
iter.000000/01.model_devi/task.000.000000 670 2
iter.000000/01.model_devi/task.000.000000 240 0
iter.000000/01.model_devi/task.000.000000 570 2
iter.000000/01.model_devi/task.000.000000 20 1
iter.000000/01.model_devi/task.000.000000 720 0
iter.000000/01.model_devi/task.000.000000 210 2
iter.000000/01.model_devi/task.000.000000 400 2
iter.000000/01.model_devi/task.000.000000 560 3
iter.000000/01.model_devi/task.000.000000 600 1
iter.000000/01.model_devi/task.000.000000 510 6
iter.000000/01.model_devi/task.000.000000 710 0
iter.000000/01.model_devi/task.000.000000 100 6
iter.000000/01.model_devi/task.000.000000 550 5
iter.000000/01.model_devi/task.000.000000 240 3
iter.000000/01.model_devi/task.000.000000 100 4
iter.000000/01.model_devi/task.000.000000 130 5
iter.000000/01.model_devi/task.000.000000 410 2
iter.000000/01.model_devi/task.000.000000 550 3
iter.000000/01.model_devi/task.000.000000 430 1
iter.000000/01.model_devi/task.000.000000 200 0
iter.000000/01.model_devi/task.000.000000 620 4
iter.000000/01.model_devi/task.000.000000 80 0
iter.000000/01.model_devi/task.000.000000 330 6
iter.000000/01.model_devi/task.000.000000 110 5
iter.000000/01.model_devi/task.000.000000 500 4
iter.000000/01.model_devi/task.000.000000 330 3
iter.000000/01.model_devi/task.000.000000 170 6
iter.000000/01.model_devi/task.000.000000 560 2
iter.000000/01.model_devi/task.000.000000 590 0
iter.000000/01.model_devi/task.000.000000 10 1
iter.000000/01.model_devi/task.000.000000 770 2
iter.000000/01.model_devi/task.000.000000 620 3
iter.000000/01.model_devi/task.000.000000 900 1
iter.000000/01.model_devi/task.000.000000 190 5
iter.000000/01.model_devi/task.000.000000 780 4
iter.000000/01.model_devi/task.000.000000 720 2
iter.000000/01.model_devi/task.000.000000 430 2
iter.000000/01.model_devi/task.000.000000 510 2
iter.000000/01.model_devi/task.000.000000 180 0
iter.000000/01.model_devi/task.000.000000 490 6
iter.000000/01.model_devi/task.000.000000 680 1
iter.000000/01.model_devi/task.000.000000 570 1
iter.000000/01.model_devi/task.000.000000 590 1
iter.000000/01.model_devi/task.000.000000 80 3
iter.000000/01.model_devi/task.000.000000 480 0
iter.000000/01.model_devi/task.000.000000 620 1
iter.000000/01.model_devi/task.000.000000 10 3
iter.000000/01.model_devi/task.000.000000 560 1
iter.000000/01.model_devi/task.000.000000 360 5
iter.000000/01.model_devi/task.000.000000 170 2
iter.000000/01.model_devi/task.000.000000 660 5
iter.000000/01.model_devi/task.000.000000 760 3
iter.000000/01.model_devi/task.000.000000 610 6
iter.000000/01.model_devi/task.000.000000 240 6
iter.000000/01.model_devi/task.000.000000 810 5
iter.000000/01.model_devi/task.000.000000 690 0
iter.000000/01.model_devi/task.000.000000 400 0
iter.000000/01.model_devi/task.000.000000 720 1
iter.000000/01.model_devi/task.000.000000 880 0
iter.000000/01.model_devi/task.000.000000 670 1
iter.000000/01.model_devi/task.000.000000 760 4
iter.000000/01.model_devi/task.000.000000 420 2
iter.000000/01.model_devi/task.000.000000 200 2
iter.000000/01.model_devi/task.000.000000 150 1
iter.000000/01.model_devi/task.000.000000 70 3
iter.000000/01.model_devi/task.000.000000 110 6
iter.000000/01.model_devi/task.000.000000 620 2
iter.000000/01.model_devi/task.000.000000 180 2
iter.000000/01.model_devi/task.000.000000 700 6
iter.000000/01.model_devi/task.000.000000 780 2
iter.000000/01.model_devi/task.000.000000 530 0
iter.000000/01.model_devi/task.000.000000 560 0
iter.000000/01.model_devi/task.000.000000 350 0
iter.000000/01.model_devi/task.000.000000 330 1
iter.000000/01.model_devi/task.000.000000 950 1
iter.000000/01.model_devi/task.000.000000 810 0
iter.000000/01.model_devi/task.000.000000 180 5
iter.000000/01.model_devi/task.000.000000 580 4
iter.000000/01.model_devi/task.000.000000 520 3
iter.000000/01.model_devi/task.000.000000 620 5
iter.000000/01.model_devi/task.000.000000 670 6
iter.000000/01.model_devi/task.000.000000 870 6
iter.000000/01.model_devi/task.000.000000 280 1
iter.000000/01.model_devi/task.000.000000 90 2
iter.000000/01.model_devi/task.000.000000 350 3
iter.000000/01.model_devi/task.000.000000 530 1
iter.000000/01.model_devi/task.000.000000 420 3
iter.000000/01.model_devi/task.000.000000 930 0
iter.000000/01.model_devi/task.000.000000 300 6
iter.000000/01.model_devi/task.000.000000 80 2
iter.000000/01.model_devi/task.000.000000 430 6
iter.000000/01.model_devi/task.000.000000 870 1
iter.000000/01.model_devi/task.000.000000 350 6
iter.000000/01.model_devi/task.000.000000 860 5
iter.000000/01.model_devi/task.000.000000 580 6
iter.000000/01.model_devi/task.000.000000 730 6
iter.000000/01.model_devi/task.000.000000 970 6
iter.000000/01.model_devi/task.000.000000 670 4
iter.000000/01.model_devi/task.000.000000 230 1
iter.000000/01.model_devi/task.000.000000 100 1
iter.000000/01.model_devi/task.000.000000 350 2
iter.000000/01.model_devi/task.000.000000 270 3
iter.000000/01.model_devi/task.000.000000 470 2
iter.000000/01.model_devi/task.000.000000 490 2
iter.000000/01.model_devi/task.000.000000 220 0
iter.000000/01.model_devi/task.000.000000 480 2
iter.000000/01.model_devi/task.000.000000 580 2
iter.000000/01.model_devi/task.000.000000 830 5
iter.000000/01.model_devi/task.000.000000 820 4
iter.000000/01.model_devi/task.000.000000 130 6
iter.000000/01.model_devi/task.000.000000 890 5
iter.000000/01.model_devi/task.000.000000 780 5
iter.000000/01.model_devi/task.000.000000 380 2
iter.000000/01.model_devi/task.000.000000 300 2
iter.000000/01.model_devi/task.000.000000 70 2
iter.000000/01.model_devi/task.000.000000 90 6
iter.000000/01.model_devi/task.000.000000 250 0
iter.000000/01.model_devi/task.000.000000 730 0
iter.000000/01.model_devi/task.000.000000 480 1
iter.000000/01.model_devi/task.000.000000 390 2
iter.000000/01.model_devi/task.000.000000 700 0
iter.000000/01.model_devi/task.000.000000 100 5
iter.000000/01.model_devi/task.000.000000 500 2
iter.000000/01.model_devi/task.000.000000 170 1
iter.000000/01.model_devi/task.000.000000 670 5
iter.000000/01.model_devi/task.000.000000 580 5
iter.000000/01.model_devi/task.000.000000 70 1
iter.000000/01.model_devi/task.000.000000 350 1
iter.000000/01.model_devi/task.000.000000 780 0
iter.000000/01.model_devi/task.000.000000 460 0
iter.000000/01.model_devi/task.000.000000 470 5
iter.000000/01.model_devi/task.000.000000 130 1
iter.000000/01.model_devi/task.000.000000 500 3
iter.000000/01.model_devi/task.000.000000 900 6
iter.000000/01.model_devi/task.000.000000 950 0
iter.000000/01.model_devi/task.000.000000 450 0
iter.000000/01.model_devi/task.000.000000 280 6
iter.000000/01.model_devi/task.000.000000 200 3
iter.000000/01.model_devi/task.000.000000 860 1
iter.000000/01.model_devi/task.000.000000 450 2
iter.000000/01.model_devi/task.000.000000 930 1
iter.000000/01.model_devi/task.000.000000 210 1
iter.000000/01.model_devi/task.000.000000 20 0
iter.000000/01.model_devi/task.000.000000 360 6
iter.000000/01.model_devi/task.000.000000 760 0
iter.000000/01.model_devi/task.000.000000 570 5
iter.000000/01.model_devi/task.000.000000 290 2
iter.000000/01.model_devi/task.000.000000 550 2
iter.000000/01.model_devi/task.000.000000 940 1
iter.000000/01.model_devi/task.000.000000 840 1
iter.000000/01.model_devi/task.000.000000 250 3
iter.000000/01.model_devi/task.000.000000 710 4
iter.000000/01.model_devi/task.000.000000 40 0
iter.000000/01.model_devi/task.000.000000 770 4
iter.000000/01.model_devi/task.000.000000 630 2
iter.000000/01.model_devi/task.000.000000 310 2
iter.000000/01.model_devi/task.000.000000 290 1
iter.000000/01.model_devi/task.000.000000 120 5
iter.000000/01.model_devi/task.000.000000 50 4
iter.000000/01.model_devi/task.000.000000 50 6
iter.000000/01.model_devi/task.000.000000 550 4
iter.000000/01.model_devi/task.000.000000 760 2
iter.000000/01.model_devi/task.000.000000 110 4
iter.000000/01.model_devi/task.000.000000 680 4
iter.000000/01.model_devi/task.000.000000 890 1
iter.000000/01.model_devi/task.000.000000 140 4
iter.000000/01.model_devi/task.000.000000 180 3
iter.000000/01.model_devi/task.000.000000 290 6
iter.000000/01.model_devi/task.000.000000 330 0
iter.000000/01.model_devi/task.000.000000 360 2
iter.000000/01.model_devi/task.000.000000 30 6
iter.000000/01.model_devi/task.000.000000 150 6
iter.000000/01.model_devi/task.000.000000 820 6
