iter.000000/01.model_devi/task.000.000000 890
iter.000000/01.model_devi/task.000.000000 360
iter.000000/01.model_devi/task.000.000000 800
iter.000000/01.model_devi/task.000.000000 430
iter.000000/01.model_devi/task.000.000000 700
iter.000000/01.model_devi/task.000.000000 200
iter.000000/01.model_devi/task.000.000000 240
iter.000000/01.model_devi/task.000.000000 690
iter.000000/01.model_devi/task.000.000000 350
iter.000000/01.model_devi/task.000.000000 100
iter.000000/01.model_devi/task.000.000000 540
iter.000000/01.model_devi/task.000.000000 180
iter.000000/01.model_devi/task.000.000000 270
iter.000000/01.model_devi/task.000.000000 10
iter.000000/01.model_devi/task.000.000000 90
iter.000000/01.model_devi/task.000.000000 80
iter.000000/01.model_devi/task.000.000000 250
iter.000000/01.model_devi/task.000.000000 170
iter.000000/01.model_devi/task.000.000000 260
iter.000000/01.model_devi/task.000.000000 640
iter.000000/01.model_devi/task.000.000000 550
iter.000000/01.model_devi/task.000.000000 500
iter.000000/01.model_devi/task.000.000000 840
iter.000000/01.model_devi/task.000.000000 760
