iter.000000/01.model_devi/task.000.000000 830 6
iter.000000/01.model_devi/task.000.000000 10 6
iter.000000/01.model_devi/task.000.000000 760 5
iter.000000/01.model_devi/task.000.000000 740 6
iter.000000/01.model_devi/task.000.000000 710 6
iter.000000/01.model_devi/task.000.000000 180 6
iter.000000/01.model_devi/task.000.000000 120 0
iter.000000/01.model_devi/task.000.000000 470 6
iter.000000/01.model_devi/task.000.000000 860 6
iter.000000/01.model_devi/task.000.000000 100 0
iter.000000/01.model_devi/task.000.000000 770 5
iter.000000/01.model_devi/task.000.000000 140 1
iter.000000/01.model_devi/task.000.000000 160 1
iter.000000/01.model_devi/task.000.000000 940 6
iter.000000/01.model_devi/task.000.000000 460 6
iter.000000/01.model_devi/task.000.000000 140 0
iter.000000/01.model_devi/task.000.000000 0 6
iter.000000/01.model_devi/task.000.000000 480 3
iter.000000/01.model_devi/task.000.000000 0 1
iter.000000/01.model_devi/task.000.000000 750 6
iter.000000/01.model_devi/task.000.000000 0 2
iter.000000/01.model_devi/task.000.000000 210 6
iter.000000/01.model_devi/task.000.000000 880 5
iter.000000/01.model_devi/task.000.000000 770 6
iter.000000/01.model_devi/task.000.000000 530 6
iter.000000/01.model_devi/task.000.000000 10 0
iter.000000/01.model_devi/task.000.000000 960 6
iter.000000/01.model_devi/task.000.000000 360 3
iter.000000/01.model_devi/task.000.000000 550 0
iter.000000/01.model_devi/task.000.000000 450 6
iter.000000/01.model_devi/task.000.000000 0 4
iter.000000/01.model_devi/task.000.000000 320 6
iter.000000/01.model_devi/task.000.000000 190 6
iter.000000/01.model_devi/task.000.000000 200 5
iter.000000/01.model_devi/task.000.000000 0 5
iter.000000/01.model_devi/task.000.000000 890 6
iter.000000/01.model_devi/task.000.000000 1000 6
iter.000000/01.model_devi/task.000.000000 70 6
iter.000000/01.model_devi/task.000.000000 440 6
iter.000000/01.model_devi/task.000.000000 840 6
iter.000000/01.model_devi/task.000.000000 60 6
iter.000000/01.model_devi/task.000.000000 630 6
iter.000000/01.model_devi/task.000.000000 1000 5
iter.000000/01.model_devi/task.000.000000 200 6
iter.000000/01.model_devi/task.000.000000 760 6
iter.000000/01.model_devi/task.000.000000 880 6
iter.000000/01.model_devi/task.000.000000 130 0
iter.000000/01.model_devi/task.000.000000 0 0
iter.000000/01.model_devi/task.000.000000 0 3
iter.000000/01.model_devi/task.000.000000 20 6
iter.000000/01.model_devi/task.000.000000 320 3
iter.000000/01.model_devi/task.000.000000 980 6
