iter.000000/01.model_devi/task.000.000000 980
iter.000000/01.model_devi/task.000.000000 930
iter.000000/01.model_devi/task.000.000000 440
iter.000000/01.model_devi/task.000.000000 70
iter.000000/01.model_devi/task.000.000000 280
iter.000000/01.model_devi/task.000.000000 710
iter.000000/01.model_devi/task.000.000000 610
iter.000000/01.model_devi/task.000.000000 390
iter.000000/01.model_devi/task.000.000000 380
iter.000000/01.model_devi/task.000.000000 620
iter.000000/01.model_devi/task.000.000000 330
iter.000000/01.model_devi/task.000.000000 680
iter.000000/01.model_devi/task.000.000000 480
iter.000000/01.model_devi/task.000.000000 320
iter.000000/01.model_devi/task.000.000000 590
iter.000000/01.model_devi/task.000.000000 120
iter.000000/01.model_devi/task.000.000000 870
iter.000000/01.model_devi/task.000.000000 230
iter.000000/01.model_devi/task.000.000000 730
iter.000000/01.model_devi/task.000.000000 400
iter.000000/01.model_devi/task.000.000000 370
iter.000000/01.model_devi/task.000.000000 860
iter.000000/01.model_devi/task.000.000000 1000
iter.000000/01.model_devi/task.000.000000 160
iter.000000/01.model_devi/task.000.000000 970
iter.000000/01.model_devi/task.000.000000 900
iter.000000/01.model_devi/task.000.000000 460
iter.000000/01.model_devi/task.000.000000 670
iter.000000/01.model_devi/task.000.000000 60
iter.000000/01.model_devi/task.000.000000 570
iter.000000/01.model_devi/task.000.000000 300
iter.000000/01.model_devi/task.000.000000 150
iter.000000/01.model_devi/task.000.000000 650
iter.000000/01.model_devi/task.000.000000 580
iter.000000/01.model_devi/task.000.000000 470
iter.000000/01.model_devi/task.000.000000 130
iter.000000/01.model_devi/task.000.000000 740
iter.000000/01.model_devi/task.000.000000 940
iter.000000/01.model_devi/task.000.000000 20
iter.000000/01.model_devi/task.000.000000 530
iter.000000/01.model_devi/task.000.000000 140
iter.000000/01.model_devi/task.000.000000 510
iter.000000/01.model_devi/task.000.000000 920
iter.000000/01.model_devi/task.000.000000 830
iter.000000/01.model_devi/task.000.000000 30
iter.000000/01.model_devi/task.000.000000 50
iter.000000/01.model_devi/task.000.000000 420
iter.000000/01.model_devi/task.000.000000 780
iter.000000/01.model_devi/task.000.000000 490
iter.000000/01.model_devi/task.000.000000 190
iter.000000/01.model_devi/task.000.000000 290
iter.000000/01.model_devi/task.000.000000 210
iter.000000/01.model_devi/task.000.000000 850
iter.000000/01.model_devi/task.000.000000 40
iter.000000/01.model_devi/task.000.000000 880
iter.000000/01.model_devi/task.000.000000 770
iter.000000/01.model_devi/task.000.000000 810
iter.000000/01.model_devi/task.000.000000 660
iter.000000/01.model_devi/task.000.000000 310
iter.000000/01.model_devi/task.000.000000 790
iter.000000/01.model_devi/task.000.000000 600
iter.000000/01.model_devi/task.000.000000 450
iter.000000/01.model_devi/task.000.000000 410
iter.000000/01.model_devi/task.000.000000 720
iter.000000/01.model_devi/task.000.000000 950
iter.000000/01.model_devi/task.000.000000 820
iter.000000/01.model_devi/task.000.000000 960
iter.000000/01.model_devi/task.000.000000 520
iter.000000/01.model_devi/task.000.000000 110
iter.000000/01.model_devi/task.000.000000 990
iter.000000/01.model_devi/task.000.000000 910
iter.000000/01.model_devi/task.000.000000 560
iter.000000/01.model_devi/task.000.000000 340
iter.000000/01.model_devi/task.000.000000 750
iter.000000/01.model_devi/task.000.000000 220
iter.000000/01.model_devi/task.000.000000 630
