#       step         max_devi_v         min_devi_v         avg_devi_v         max_devi_f         min_devi_f         avg_devi_f      atm_devi_f(N)
           0       2.228803e-02       1.508809e-03       8.034530e-03       2.188091e-02       6.087992e-03       1.368361e-02       6.087992e-03       9.992089e-03       2.188091e-02       1.223407e-02       1.462433e-02       1.632944e-02       1.463647e-02
          10       9.043159e-02       9.085941e-03       3.637023e-02       2.064708e-01       1.820197e-02       1.016058e-01       1.820197e-02       8.616992e-02       7.801337e-02       9.178200e-02       2.064708e-01       1.896509e-01       4.095193e-02
          20       7.124979e-02       1.011486e-02       3.188631e-02       1.123597e-01       4.489485e-02       8.495732e-02       7.031202e-02       1.123597e-01       9.245390e-02       9.475308e-02       9.153215e-02       8.839554e-02       4.489485e-02
          30       1.599151e-01       3.744648e-02       7.973856e-02       2.987952e-01       5.230225e-02       1.577206e-01       5.230225e-02       1.161161e-01       1.303990e-01       1.905622e-01       1.798847e-01       2.987952e-01       1.359852e-01
          40       1.944642e-01       2.144119e-02       9.608329e-02       3.073590e-01       1.273523e-01       2.259920e-01       1.273523e-01       2.719395e-01       2.599131e-01       3.073590e-01       2.310818e-01       2.327187e-01       1.515795e-01
          50       2.089705e-01       2.473615e-02       1.014260e-01       3.263315e-01       1.210577e-01       1.876051e-01       1.268919e-01       2.102314e-01       1.829905e-01       3.263315e-01       1.405042e-01       2.052285e-01       1.210577e-01
          60       1.012396e-01       2.699517e-02       5.121060e-02       2.898180e-01       3.422781e-02       1.314210e-01       1.123310e-01       1.043981e-01       6.460926e-02       2.898180e-01       2.459210e-01       6.864175e-02       3.422781e-02
          70       7.475716e-02       1.128090e-02       3.993906e-02       1.302237e-01       4.966555e-02       1.074663e-01       1.101643e-01       1.138354e-01       9.659407e-02       1.299245e-01       1.218562e-01       1.302237e-01       4.966555e-02
          80       6.680707e-02       1.271806e-02       3.918302e-02       2.220507e-01       5.322233e-02       1.352714e-01       9.285389e-02       1.639488e-01       1.350091e-01       6.980599e-02       2.220507e-01       2.100086e-01       5.322233e-02
          90       5.705545e-02       1.986972e-02       4.270949e-02       2.295354e-01       5.772010e-02       1.104126e-01       6.703857e-02       7.758533e-02       7.165840e-02       1.186116e-01       1.507388e-01       2.295354e-01       5.772010e-02
         100       4.066677e-02       1.172055e-02       2.280853e-02       1.382170e-01       4.999841e-02       9.168021e-02       4.999841e-02       9.798986e-02       1.030458e-01       7.282063e-02       1.226182e-01       1.382170e-01       5.707163e-02
         110       7.507430e-02       3.120430e-03       4.612991e-02       3.002125e-01       7.244271e-02       1.570831e-01       7.244271e-02       3.002125e-01       2.732598e-01       1.054085e-01       1.127055e-01       1.180951e-01       1.174574e-01
         120       2.509101e-01       1.308792e-02       1.037938e-01       3.173919e-01       4.462698e-02       1.976497e-01       4.462698e-02       3.173919e-01       3.004535e-01       3.051446e-01       3.001822e-01       6.342160e-02       5.232695e-02
         130       1.300973e-01       2.545001e-02       6.478619e-02       2.845356e-01       4.298682e-02       1.397448e-01       4.298682e-02       8.114685e-02       1.692908e-01       2.845356e-01       2.389093e-01       1.092836e-01       5.206052e-02
         140       7.678120e-02       1.049046e-02       3.334166e-02       2.252999e-01       2.646317e-02       1.215022e-01       4.674338e-02       2.646317e-02       2.094037e-01       2.252999e-01       1.355039e-01       1.157649e-01       9.133668e-02
         150       1.093625e-01       1.935790e-02       4.601631e-02       1.975112e-01       6.639708e-02       1.356591e-01       6.639708e-02       1.039508e-01       1.562958e-01       1.795905e-01       1.975112e-01       1.621850e-01       8.368368e-02
         160       1.706119e-01       2.063522e-02       6.814939e-02       3.038243e-01       3.898438e-02       1.461157e-01       9.047953e-02       3.898438e-02       1.313319e-01       1.161961e-01       3.038243e-01       2.727031e-01       6.929026e-02
         170       1.114026e-01       1.804625e-02       4.431915e-02       1.771893e-01       7.941173e-02       1.084172e-01       9.453578e-02       7.941173e-02       9.767796e-02       8.442287e-02       1.771893e-01       1.275670e-01       9.811568e-02
         180       4.558039e-02       4.706264e-03       2.662888e-02       1.322536e-01       2.115969e-02       8.267972e-02       1.271047e-01       1.322536e-01       9.613147e-02       6.407961e-02       6.747146e-02       7.055754e-02       2.115969e-02
         190       1.313499e-01       9.738476e-03       5.300675e-02       2.241119e-01       3.674656e-02       1.378290e-01       1.549194e-01       2.241119e-01       1.969382e-01       1.157541e-01       1.557732e-01       8.055967e-02       3.674656e-02
         200       6.249398e-02       5.748386e-03       3.505796e-02       1.682879e-01       2.135726e-02       1.011857e-01       1.426125e-01       1.051789e-01       1.214681e-01       1.120561e-01       1.682879e-01       3.733929e-02       2.135726e-02
         210       1.084454e-01       1.367224e-02       5.422054e-02       4.358875e-01       3.802039e-02       1.760921e-01       1.216782e-01       5.470628e-02       1.404507e-01       2.598023e-01       4.358875e-01       1.820991e-01       3.802039e-02
         220       1.323584e-01       5.874177e-03       6.508263e-02       4.026539e-01       7.551485e-02       1.870575e-01       9.439949e-02       7.551485e-02       1.051062e-01       2.417993e-01       4.026539e-01       2.041349e-01       1.857940e-01
         230       7.170997e-02       3.903356e-03       3.843316e-02       1.702030e-01       5.973534e-02       9.791725e-02       1.033984e-01       1.020869e-01       8.032317e-02       8.599406e-02       1.702030e-01       5.973534e-02       8.367987e-02
         240       9.203332e-02       5.211532e-03       4.745494e-02       1.997965e-01       6.469576e-02       1.165114e-01       1.056851e-01       1.131616e-01       1.092156e-01       9.365550e-02       1.997965e-01       1.293696e-01       6.469576e-02
         250       1.396863e-01       1.550170e-02       6.408070e-02       2.566471e-01       5.205344e-02       1.330801e-01       6.234960e-02       1.027258e-01       1.355169e-01       5.205344e-02       2.566471e-01       1.858060e-01       1.364618e-01
         260       1.761325e-01       2.194355e-02       7.708997e-02       2.445888e-01       7.236332e-02       1.680000e-01       1.750743e-01       1.396813e-01       1.633092e-01       7.236332e-02       2.078471e-01       2.445888e-01       1.731357e-01
         270       1.524806e-01       1.290232e-02       6.825970e-02       3.889333e-01       8.751741e-02       1.978963e-01       1.626860e-01       1.220993e-01       1.037695e-01       8.751741e-02       3.889333e-01       3.528780e-01       1.673908e-01
         280       1.846906e-01       9.623143e-03       8.204789e-02       2.667491e-01       8.527381e-02       1.580205e-01       1.659436e-01       1.073264e-01       8.527381e-02       1.565846e-01       2.667491e-01       1.874287e-01       1.368369e-01
         290       1.844640e-01       1.224008e-02       8.255458e-02       2.770485e-01       7.709068e-02       1.619535e-01       1.736376e-01       1.170928e-01       1.459405e-01       2.476209e-01       2.770485e-01       9.524371e-02       7.709068e-02
         300       1.672137e-01       9.925900e-03       7.983465e-02       4.171708e-01       1.069520e-01       2.104460e-01       2.121399e-01       1.137253e-01       1.384190e-01       2.331239e-01       4.171708e-01       2.515914e-01       1.069520e-01
         310       1.259653e-01       7.243650e-03       5.902949e-02       2.471273e-01       1.050692e-01       1.629674e-01       2.413467e-01       1.130214e-01       1.185940e-01       1.225005e-01       2.471273e-01       1.931124e-01       1.050692e-01
         320       1.138403e-01       3.688473e-03       4.514731e-02       1.950122e-01       4.579299e-02       1.039520e-01       1.950122e-01       6.588509e-02       5.440029e-02       4.579299e-02       1.775428e-01       1.423124e-01       4.671857e-02
         330       7.854819e-02       1.136016e-02       4.098872e-02       1.780497e-01       6.166013e-02       1.134781e-01       1.094086e-01       6.166013e-02       8.755708e-02       6.321850e-02       1.780497e-01       1.711821e-01       1.232708e-01
         340       1.645426e-01       1.825119e-02       6.517711e-02       3.287281e-01       7.191422e-02       1.618581e-01       7.810729e-02       1.248564e-01       1.675494e-01       7.191422e-02       2.515342e-01       3.287281e-01       1.103173e-01
         350       1.166546e-01       1.236583e-02       5.532327e-02       1.811963e-01       8.040555e-02       1.270636e-01       9.304554e-02       1.253210e-01       1.494418e-01       8.040555e-02       1.811963e-01       1.731997e-01       8.683502e-02
         360       1.221454e-01       1.234330e-02       4.715336e-02       1.874694e-01       2.952567e-02       1.059301e-01       1.774512e-01       1.016666e-01       9.411709e-02       2.952567e-02       1.874694e-01       8.323988e-02       6.804113e-02
         370       1.830144e-01       1.426556e-02       7.398053e-02       3.443219e-01       6.564420e-02       1.522133e-01       2.389938e-01       6.564420e-02       6.739724e-02       1.517251e-01       3.443219e-01       7.603527e-02       1.213756e-01
         380       1.801854e-01       2.043294e-02       7.971065e-02       4.000120e-01       5.857679e-02       2.189519e-01       1.678100e-01       5.857679e-02       5.983032e-02       2.227533e-01       3.834991e-01       4.000120e-01       2.401820e-01
         390       1.495989e-01       1.546457e-02       6.432411e-02       2.503006e-01       7.454185e-02       1.594141e-01       1.762325e-01       9.790011e-02       7.454185e-02       9.773814e-02       2.444213e-01       2.503006e-01       1.747646e-01
         400       1.803955e-01       1.732112e-02       7.109318e-02       3.528818e-01       8.582928e-02       1.716678e-01       1.439216e-01       1.666369e-01       8.981873e-02       8.582928e-02       1.818867e-01       3.528818e-01       1.806993e-01
         410       2.069720e-01       1.861433e-02       7.765185e-02       2.727926e-01       8.336115e-02       1.592976e-01       1.995846e-01       1.781168e-01       1.338242e-01       1.351938e-01       2.727926e-01       8.336115e-02       1.122105e-01
         420       2.838273e-01       2.376139e-02       1.055661e-01       1.908526e-01       7.791656e-02       1.455581e-01       1.606861e-01       1.431380e-01       1.040139e-01       7.791656e-02       1.873380e-01       1.549615e-01       1.908526e-01
         430       1.944032e-01       6.791684e-03       7.121032e-02       4.136975e-01       6.467485e-02       1.651454e-01       7.444046e-02       9.875317e-02       1.056205e-01       6.617637e-02       3.326548e-01       4.136975e-01       6.467485e-02
         440       8.212209e-02       4.514469e-03       3.578042e-02       2.588963e-01       2.017213e-02       1.106233e-01       1.030146e-01       1.091560e-01       9.410418e-02       6.405092e-02       2.588963e-01       1.249690e-01       2.017213e-02
         450       1.264707e-01       8.194850e-03       5.934892e-02       2.744927e-01       4.193688e-02       1.367177e-01       8.995653e-02       1.105978e-01       1.175085e-01       2.194612e-01       2.744927e-01       1.030705e-01       4.193688e-02
         460       1.879206e-01       1.304253e-02       7.841988e-02       3.320077e-01       4.372805e-02       1.598689e-01       6.919049e-02       9.120006e-02       1.322091e-01       2.361388e-01       3.320077e-01       2.146085e-01       4.372805e-02
         470       7.728669e-02       8.327756e-03       3.412084e-02       1.906032e-01       3.197449e-02       1.004125e-01       6.027045e-02       7.907489e-02       1.001663e-01       1.394678e-01       1.906032e-01       1.013301e-01       3.197449e-02
         480       7.158817e-02       9.859160e-03       2.991426e-02       1.695722e-01       4.900187e-02       1.051110e-01       9.855897e-02       9.837997e-02       7.530100e-02       4.900187e-02       1.695722e-01       1.662067e-01       7.875631e-02
         490       2.048695e-01       1.888707e-02       7.667054e-02       2.050843e-01       8.013168e-02       1.337664e-01       1.997710e-01       1.479355e-01       8.013168e-02       8.770681e-02       2.050843e-01       1.181972e-01       9.753836e-02
         500       1.705044e-01       2.467073e-02       6.931806e-02       1.981750e-01       7.060855e-02       1.387090e-01       1.725064e-01       1.517438e-01       7.334259e-02       7.060855e-02       1.147701e-01       1.898168e-01       1.981750e-01
         510       1.762130e-01       1.661801e-02       7.271315e-02       2.292861e-01       6.787491e-02       1.429563e-01       2.280835e-01       1.504157e-01       1.058330e-01       6.787491e-02       2.292861e-01       1.256774e-01       9.352329e-02
         520       1.047631e-01       1.718268e-02       5.307190e-02       2.578848e-01       6.232351e-02       1.455411e-01       2.018726e-01       1.392994e-01       1.134400e-01       9.092452e-02       2.578848e-01       1.530426e-01       6.232351e-02
         530       9.486803e-02       1.838401e-02       4.567269e-02       2.467707e-01       3.386303e-02       1.258732e-01       9.224384e-02       7.822028e-02       8.438351e-02       2.076698e-01       2.467707e-01       1.379615e-01       3.386303e-02
         540       9.514526e-02       1.313338e-02       4.420940e-02       2.416958e-01       6.112594e-02       1.380905e-01       6.112594e-02       7.668774e-02       1.011865e-01       2.224893e-01       2.416958e-01       1.497981e-01       1.136500e-01
         550       7.586814e-02       8.720573e-03       3.287947e-02       1.424542e-01       4.614852e-02       1.006720e-01       4.614852e-02       9.616051e-02       1.084051e-01       1.339675e-01       1.424542e-01       1.010935e-01       7.647479e-02
         560       6.600648e-02       1.993938e-02       3.537058e-02       1.094814e-01       5.462130e-02       8.060053e-02       7.784014e-02       9.748976e-02       1.094814e-01       5.716720e-02       1.088351e-01       5.876885e-02       5.462130e-02
         570       1.062160e-01       2.886397e-02       4.925435e-02       1.977081e-01       8.015613e-02       1.239964e-01       1.977081e-01       1.092762e-01       1.024592e-01       8.015613e-02       1.570742e-01       1.222022e-01       9.909897e-02
         580       1.022133e-01       2.827354e-02       4.808913e-02       1.878129e-01       7.915114e-02       1.229478e-01       1.878129e-01       1.060273e-01       9.752465e-02       7.915114e-02       1.372248e-01       1.333919e-01       1.195022e-01
         590       9.396464e-02       2.966136e-02       5.380629e-02       1.913712e-01       9.486581e-02       1.424191e-01       1.340220e-01       9.486581e-02       1.621172e-01       1.913712e-01       1.199323e-01       1.492215e-01       1.454039e-01
         600       8.996665e-02       3.247181e-02       5.372585e-02       2.698644e-01       7.826746e-02       1.562860e-01       7.885199e-02       7.826746e-02       1.829620e-01       2.698644e-01       1.731289e-01       1.631126e-01       1.478148e-01
         610       5.053147e-02       2.518513e-02       3.503105e-02       1.822677e-01       7.427902e-02       1.294536e-01       7.572217e-02       7.427902e-02       1.131408e-01       1.822677e-01       1.365477e-01       1.822258e-01       1.419918e-01
         620       6.076802e-02       1.389593e-02       3.384615e-02       1.471559e-01       7.793210e-02       1.157745e-01       1.019438e-01       1.069574e-01       1.302029e-01       7.793210e-02       1.123254e-01       1.471559e-01       1.339040e-01
         630       7.128554e-02       2.063774e-02       4.107464e-02       1.778202e-01       4.879588e-02       1.270282e-01       1.670722e-01       1.481553e-01       1.371179e-01       1.105519e-01       9.968373e-02       1.778202e-01       4.879588e-02
         640       1.021925e-01       3.602679e-02       6.604326e-02       2.066980e-01       5.413529e-02       1.563910e-01       2.013963e-01       1.680615e-01       1.618299e-01       2.066980e-01       1.571327e-01       1.454834e-01       5.413529e-02
         650       9.177097e-02       2.758276e-02       7.165006e-02       3.390313e-01       1.066946e-01       1.838501e-01       1.412513e-01       1.273391e-01       1.967727e-01       3.390313e-01       2.099758e-01       1.658857e-01       1.066946e-01
         660       7.603437e-02       2.665450e-02       5.575603e-02       3.087953e-01       5.732514e-02       1.552915e-01       1.364478e-01       6.236493e-02       1.606429e-01       3.087953e-01       2.314590e-01       1.300054e-01       5.732514e-02
         670       7.176292e-02       1.376760e-02       3.999887e-02       2.032782e-01       5.776866e-02       1.188946e-01       9.376963e-02       1.060832e-01       1.386635e-01       2.032782e-01       1.206858e-01       1.120132e-01       5.776866e-02
         680       1.318836e-01       3.781813e-02       7.094021e-02       2.746091e-01       1.009848e-01       1.720648e-01       1.009848e-01       1.378660e-01       1.427156e-01       2.322963e-01       1.430561e-01       2.746091e-01       1.729255e-01
         690       1.822948e-01       6.399884e-02       1.052202e-01       2.806649e-01       1.289936e-01       2.118541e-01       1.392598e-01       2.293619e-01       2.731086e-01       1.289936e-01       1.602851e-01       2.806649e-01       2.713051e-01
         700       2.203651e-01       5.706402e-02       1.150428e-01       2.951763e-01       1.135675e-01       1.817713e-01       1.375518e-01       2.474842e-01       2.951763e-01       1.135675e-01       1.829490e-01       1.558340e-01       1.398364e-01
         710       9.057961e-02       2.200956e-02       5.242729e-02       1.785732e-01       4.220371e-02       1.109995e-01       1.198879e-01       1.733435e-01       1.785732e-01       7.322401e-02       1.328327e-01       5.693175e-02       4.220371e-02
         720       1.085052e-01       1.418538e-02       4.857001e-02       2.254464e-01       6.445416e-02       1.288357e-01       8.158491e-02       6.445416e-02       1.376090e-01       1.182455e-01       1.380245e-01       2.254464e-01       1.364855e-01
         730       1.072190e-01       1.547112e-02       5.729614e-02       3.971148e-01       5.553772e-02       1.977218e-01       1.219984e-01       9.007401e-02       1.522084e-01       3.971148e-01       1.898418e-01       3.772771e-01       5.553772e-02
         740       1.543581e-01       2.193489e-02       7.725516e-02       2.621312e-01       3.974278e-02       1.733724e-01       1.527955e-01       9.881673e-02       2.005039e-01       2.621312e-01       2.597484e-01       1.998682e-01       3.974278e-02
         750       1.279804e-01       2.467200e-02       7.039231e-02       2.645046e-01       3.972933e-02       1.505534e-01       1.128151e-01       1.901799e-01       2.645046e-01       1.609045e-01       2.147804e-01       7.096042e-02       3.972933e-02
         760       1.149360e-01       2.209355e-02       5.634596e-02       1.762082e-01       4.536814e-02       1.116846e-01       1.181359e-01       1.762082e-01       1.186067e-01       1.348932e-01       1.427037e-01       4.536814e-02       4.587633e-02
         770       8.310730e-02       1.535325e-02       4.328665e-02       1.526556e-01       3.971326e-02       9.927178e-02       1.036226e-01       1.526556e-01       1.218142e-01       1.370299e-01       9.682241e-02       3.971326e-02       4.324443e-02
         780       9.919441e-02       1.350793e-02       4.870266e-02       1.276356e-01       7.875942e-02       1.026474e-01       9.530947e-02       1.007391e-01       1.043011e-01       1.276356e-01       1.268025e-01       7.875942e-02       8.498456e-02
         790       1.300285e-01       2.613748e-02       7.313766e-02       2.545990e-01       1.032527e-01       1.722155e-01       1.174811e-01       1.032527e-01       1.537272e-01       1.935634e-01       2.082236e-01       2.545990e-01       1.746613e-01
         800       1.756959e-01       2.633166e-02       8.927814e-02       2.539920e-01       1.265399e-01       1.840304e-01       1.265399e-01       1.636570e-01       2.539920e-01       1.708357e-01       2.381973e-01       1.979496e-01       1.370409e-01
         810       2.125362e-01       2.367872e-02       1.010498e-01       2.857358e-01       7.669789e-02       1.706697e-01       7.669789e-02       1.959235e-01       2.857358e-01       1.569675e-01       2.404972e-01       1.197230e-01       1.191431e-01
         820       1.108353e-01       2.097745e-02       5.364353e-02       1.621172e-01       7.775553e-02       1.249915e-01       7.775553e-02       1.575632e-01       1.368237e-01       1.621172e-01       1.425986e-01       1.088470e-01       8.923498e-02
         830       1.070865e-01       2.904150e-02       5.834033e-02       2.059369e-01       3.193312e-02       1.221496e-01       7.455014e-02       1.260141e-01       1.476591e-01       1.880207e-01       2.059369e-01       8.093322e-02       3.193312e-02
         840       1.877309e-01       3.737958e-02       8.168013e-02       2.174706e-01       4.108258e-02       1.436069e-01       1.550315e-01       9.902116e-02       1.806830e-01       2.174706e-01       1.436365e-01       1.683227e-01       4.108258e-02
         850       2.517718e-01       7.661512e-02       1.308503e-01       4.380630e-01       6.570908e-02       2.716011e-01       2.235897e-01       1.218883e-01       3.226978e-01       4.380630e-01       3.471102e-01       3.821498e-01       6.570908e-02
         860       1.616348e-01       3.830704e-02       9.562744e-02       2.826261e-01       4.041815e-02       1.815011e-01       2.179436e-01       1.197647e-01       2.826261e-01       2.064298e-01       2.665539e-01       1.367712e-01       4.041815e-02
         870       8.415543e-02       3.935881e-03       5.358676e-02       1.878783e-01       1.022789e-01       1.423550e-01       1.357678e-01       1.022789e-01       1.878783e-01       1.650670e-01       1.260127e-01       1.552943e-01       1.241861e-01
         880       6.151302e-02       1.002009e-02       3.812696e-02       1.531809e-01       3.913237e-02       8.964002e-02       5.843940e-02       7.776485e-02       1.519817e-01       1.531809e-01       1.014022e-01       4.557877e-02       3.913237e-02
         890       1.202401e-01       2.529970e-02       6.675263e-02       2.469352e-01       4.455931e-02       1.239065e-01       8.809613e-02       1.048472e-01       2.469352e-01       1.407621e-01       1.891450e-01       5.300087e-02       4.455931e-02
         900       2.339821e-01       5.866853e-02       1.214234e-01       3.649242e-01       1.162685e-01       2.249512e-01       2.022153e-01       1.162685e-01       3.649242e-01       2.735219e-01       2.951433e-01       1.894443e-01       1.331406e-01
         910       2.099760e-01       3.343840e-02       1.066408e-01       2.916849e-01       1.533622e-01       2.144001e-01       2.359536e-01       1.533622e-01       1.695138e-01       2.916849e-01       2.278615e-01       2.598851e-01       1.625394e-01
         920       1.819909e-01       2.220397e-02       8.060768e-02       2.685352e-01       1.200185e-01       1.894019e-01       2.121085e-01       1.524892e-01       1.856230e-01       2.100218e-01       2.685352e-01       1.770170e-01       1.200185e-01
         930       1.939399e-01       1.318551e-02       8.507999e-02       2.276648e-01       8.681950e-02       1.478300e-01       1.385537e-01       1.198167e-01       1.519240e-01       2.276648e-01       1.633169e-01       1.467142e-01       8.681950e-02
         940       1.676780e-01       3.519964e-02       8.852133e-02       3.156403e-01       4.957617e-02       1.683237e-01       1.804284e-01       1.094436e-01       3.156403e-01       2.157593e-01       2.273438e-01       8.007413e-02       4.957617e-02
         950       1.441666e-01       1.298778e-02       7.818762e-02       2.899359e-01       1.163911e-01       1.731361e-01       1.163911e-01       1.183189e-01       2.899359e-01       1.755777e-01       2.216757e-01       1.702648e-01       1.197887e-01
         960       1.498566e-01       3.821938e-02       8.542563e-02       2.594563e-01       4.365426e-02       1.837471e-01       2.310067e-01       1.769707e-01       2.151983e-01       2.594563e-01       1.618063e-01       1.981369e-01       4.365426e-02
         970       1.807686e-01       5.900604e-02       9.914688e-02       3.405271e-01       6.469294e-02       2.319311e-01       2.902688e-01       2.053295e-01       2.313250e-01       3.405271e-01       1.858150e-01       3.055595e-01       6.469294e-02
         980       1.775322e-01       4.238128e-02       9.442833e-02       2.953809e-01       4.336908e-02       1.777088e-01       2.953809e-01       1.918326e-01       2.376148e-01       1.324516e-01       2.262988e-01       1.170140e-01       4.336908e-02
         990       1.663960e-01       2.500735e-02       8.847082e-02       2.981709e-01       1.316920e-01       2.011707e-01       2.080294e-01       1.351290e-01       2.893473e-01       1.899492e-01       2.981709e-01       1.558772e-01       1.316920e-01
        1000       1.789233e-01       1.867024e-02       9.311451e-02       3.543641e-01       3.048096e-02       1.822555e-01       1.721851e-01       1.764849e-01       3.543641e-01       1.954821e-01       3.015302e-01       4.526093e-02       3.048096e-02
