2023-11-18 18:01:13,658 - INFO : info:check_all_finished: False
2023-11-18 18:01:13,660 - INFO : job: 7e63d83a543774512c0dc14422963ad620f3a6d0 submit; job_id is 24299
2023-11-19 01:44:08,493 - INFO : job: 7e63d83a543774512c0dc14422963ad620f3a6d0 24299 finished
2023-11-20 11:52:06,520 - INFO : info:check_all_finished: False
2023-11-20 11:52:06,522 - INFO : job: 97abc0ddc98f0ae10ad2024a4e77837b04a475e6 submit; job_id is 902678
2023-11-20 11:52:07,535 - INFO : job: 97abc0ddc98f0ae10ad2024a4e77837b04a475e6 902678 terminated;fail_cout is 1; resubmitting job
2023-11-20 11:52:07,537 - INFO : job:97abc0ddc98f0ae10ad2024a4e77837b04a475e6 re-submit after terminated; new job_id is 902708
2023-11-20 11:52:07,760 - INFO : job:97abc0ddc98f0ae10ad2024a4e77837b04a475e6 job_id:902708 after re-submitting; the state now is <JobStatus.running: 3>
2023-11-20 11:52:37,773 - INFO : job: 97abc0ddc98f0ae10ad2024a4e77837b04a475e6 902708 terminated;fail_cout is 2; resubmitting job
2023-11-20 11:52:37,775 - INFO : job:97abc0ddc98f0ae10ad2024a4e77837b04a475e6 re-submit after terminated; new job_id is 902749
2023-11-20 11:52:37,999 - INFO : job:97abc0ddc98f0ae10ad2024a4e77837b04a475e6 job_id:902749 after re-submitting; the state now is <JobStatus.running: 3>
2023-11-20 11:53:08,013 - INFO : job: 97abc0ddc98f0ae10ad2024a4e77837b04a475e6 902749 terminated;fail_cout is 3; resubmitting job
2023-11-20 11:54:20,945 - INFO : info:check_all_finished: False
2023-11-20 11:54:20,947 - INFO : job: 97abc0ddc98f0ae10ad2024a4e77837b04a475e6 submit; job_id is 903081
2023-11-20 11:54:21,960 - INFO : job: 97abc0ddc98f0ae10ad2024a4e77837b04a475e6 903081 terminated;fail_cout is 1; resubmitting job
2023-11-20 11:54:21,961 - INFO : job:97abc0ddc98f0ae10ad2024a4e77837b04a475e6 re-submit after terminated; new job_id is 903112
2023-11-20 11:54:22,186 - INFO : job:97abc0ddc98f0ae10ad2024a4e77837b04a475e6 job_id:903112 after re-submitting; the state now is <JobStatus.running: 3>
2023-11-20 11:54:52,199 - INFO : job: 97abc0ddc98f0ae10ad2024a4e77837b04a475e6 903112 terminated;fail_cout is 2; resubmitting job
2023-11-20 11:54:52,201 - INFO : job:97abc0ddc98f0ae10ad2024a4e77837b04a475e6 re-submit after terminated; new job_id is 903157
2023-11-20 11:54:52,424 - INFO : job:97abc0ddc98f0ae10ad2024a4e77837b04a475e6 job_id:903157 after re-submitting; the state now is <JobStatus.running: 3>
2023-11-20 11:55:22,437 - INFO : job: 97abc0ddc98f0ae10ad2024a4e77837b04a475e6 903157 terminated;fail_cout is 3; resubmitting job
