2023-11-18 18:01:13,642 - INFO : start running
2023-11-18 18:01:13,653 - INFO : =============================iter.000000==============================
2023-11-18 18:01:13,654 - INFO : -------------------------iter.000000 task 00--------------------------
2023-11-18 18:01:13,656 - INFO : -------------------------iter.000000 task 01--------------------------
2023-11-19 01:44:08,547 - INFO : -------------------------iter.000000 task 02--------------------------
2023-11-19 01:44:08,548 - INFO : -------------------------iter.000000 task 03--------------------------
2023-11-19 08:25:57,259 - INFO : start running
2023-11-19 08:25:57,270 - INFO : continue from iter 000 task 02
2023-11-19 08:25:57,270 - INFO : =============================iter.000000==============================
2023-11-19 08:25:57,271 - INFO : -------------------------iter.000000 task 03--------------------------
2023-11-19 14:35:25,345 - INFO : start running
2023-11-19 14:35:25,357 - INFO : continue from iter 000 task 02
2023-11-19 14:35:25,357 - INFO : =============================iter.000000==============================
2023-11-19 14:35:25,357 - INFO : -------------------------iter.000000 task 03--------------------------
2023-11-19 15:10:44,927 - INFO : start running
2023-11-19 15:10:44,939 - INFO : continue from iter 000 task 02
2023-11-19 15:10:44,939 - INFO : =============================iter.000000==============================
2023-11-19 15:10:44,939 - INFO : -------------------------iter.000000 task 03--------------------------
2023-11-19 15:12:32,704 - INFO : start running
2023-11-19 15:12:32,715 - INFO : continue from iter 000 task 02
2023-11-19 15:12:32,716 - INFO : =============================iter.000000==============================
2023-11-19 15:12:32,716 - INFO : -------------------------iter.000000 task 03--------------------------
2023-11-19 15:14:49,503 - INFO : start running
2023-11-19 15:14:49,514 - INFO : continue from iter 000 task 02
2023-11-19 15:14:49,514 - INFO : =============================iter.000000==============================
2023-11-19 15:14:49,514 - INFO : -------------------------iter.000000 task 03--------------------------
2023-11-19 15:19:11,906 - INFO : start running
2023-11-19 15:19:11,918 - INFO : continue from iter 000 task 02
2023-11-19 15:19:11,918 - INFO : =============================iter.000000==============================
2023-11-19 15:19:11,918 - INFO : -------------------------iter.000000 task 03--------------------------
2023-11-19 15:19:11,919 - INFO : -------------------------iter.000000 task 04--------------------------
2023-11-19 16:52:34,260 - INFO : start running
2023-11-19 16:52:34,271 - INFO : continue from iter 000 task 03
2023-11-19 16:52:34,271 - INFO : =============================iter.000000==============================
2023-11-19 16:52:34,272 - INFO : -------------------------iter.000000 task 04--------------------------
2023-11-19 16:57:59,859 - INFO : start running
2023-11-19 16:57:59,871 - INFO : continue from iter 000 task 03
2023-11-19 16:57:59,871 - INFO : =============================iter.000000==============================
2023-11-19 16:57:59,871 - INFO : -------------------------iter.000000 task 04--------------------------
2023-11-19 17:02:18,217 - INFO : start running
2023-11-19 17:02:18,229 - INFO : continue from iter 000 task 03
2023-11-19 17:02:18,229 - INFO : =============================iter.000000==============================
2023-11-19 17:02:18,230 - INFO : -------------------------iter.000000 task 04--------------------------
2023-11-20 11:29:04,616 - INFO : start running
2023-11-20 11:29:04,628 - INFO : continue from iter 000 task 03
2023-11-20 11:29:04,628 - INFO : =============================iter.000000==============================
2023-11-20 11:29:04,628 - INFO : -------------------------iter.000000 task 04--------------------------
2023-11-20 11:39:48,930 - INFO : start running
2023-11-20 11:39:48,942 - INFO : continue from iter 000 task 03
2023-11-20 11:39:48,942 - INFO : =============================iter.000000==============================
2023-11-20 11:39:48,942 - INFO : -------------------------iter.000000 task 04--------------------------
2023-11-20 11:43:20,459 - INFO : start running
2023-11-20 11:43:20,472 - INFO : continue from iter 000 task 03
2023-11-20 11:43:20,472 - INFO : =============================iter.000000==============================
2023-11-20 11:43:20,472 - INFO : -------------------------iter.000000 task 04--------------------------
2023-11-20 11:44:20,669 - INFO : start running
2023-11-20 11:44:20,682 - INFO : continue from iter 000 task 02
2023-11-20 11:44:20,682 - INFO : =============================iter.000000==============================
2023-11-20 11:44:20,682 - INFO : -------------------------iter.000000 task 03--------------------------
2023-11-20 11:45:38,842 - INFO : start running
2023-11-20 11:45:38,854 - INFO : continue from iter 000 task 02
2023-11-20 11:45:38,854 - INFO : =============================iter.000000==============================
2023-11-20 11:45:38,854 - INFO : -------------------------iter.000000 task 03--------------------------
2023-11-20 11:47:13,679 - INFO : start running
2023-11-20 11:47:13,691 - INFO : continue from iter 000 task 02
2023-11-20 11:47:13,691 - INFO : =============================iter.000000==============================
2023-11-20 11:47:13,691 - INFO : -------------------------iter.000000 task 03--------------------------
2023-11-20 11:47:51,907 - INFO : start running
2023-11-20 11:47:51,919 - INFO : continue from iter 000 task 02
2023-11-20 11:47:51,919 - INFO : =============================iter.000000==============================
2023-11-20 11:47:51,919 - INFO : -------------------------iter.000000 task 03--------------------------
2023-11-20 11:48:03,060 - INFO : start running
2023-11-20 11:48:03,073 - INFO : continue from iter 000 task 02
2023-11-20 11:48:03,073 - INFO : =============================iter.000000==============================
2023-11-20 11:48:03,073 - INFO : -------------------------iter.000000 task 03--------------------------
2023-11-20 11:48:59,519 - INFO : start running
2023-11-20 11:48:59,532 - INFO : continue from iter 000 task 02
2023-11-20 11:48:59,532 - INFO : =============================iter.000000==============================
2023-11-20 11:48:59,532 - INFO : -------------------------iter.000000 task 03--------------------------
2023-11-20 11:51:04,731 - INFO : start running
2023-11-20 11:51:21,029 - INFO : start running
2023-11-20 11:51:21,041 - INFO : continue from iter 000 task 02
2023-11-20 11:51:21,041 - INFO : =============================iter.000000==============================
2023-11-20 11:51:21,041 - INFO : -------------------------iter.000000 task 03--------------------------
2023-11-20 11:52:06,505 - INFO : start running
2023-11-20 11:52:06,517 - INFO : continue from iter 000 task 02
2023-11-20 11:52:06,517 - INFO : =============================iter.000000==============================
2023-11-20 11:52:06,517 - INFO : -------------------------iter.000000 task 03--------------------------
2023-11-20 11:52:06,519 - INFO : -------------------------iter.000000 task 04--------------------------
2023-11-20 11:53:55,131 - INFO : start running
2023-11-20 11:53:55,145 - INFO : continue from iter 000 task 02
2023-11-20 11:53:55,145 - INFO : =============================iter.000000==============================
2023-11-20 11:53:55,145 - INFO : -------------------------iter.000000 task 03--------------------------
2023-11-20 11:54:20,929 - INFO : start running
2023-11-20 11:54:20,941 - INFO : continue from iter 000 task 02
2023-11-20 11:54:20,941 - INFO : =============================iter.000000==============================
2023-11-20 11:54:20,941 - INFO : -------------------------iter.000000 task 03--------------------------
2023-11-20 11:54:20,943 - INFO : -------------------------iter.000000 task 04--------------------------
2023-11-20 16:38:58,042 - INFO : start running
2023-11-20 16:38:58,055 - INFO : continue from iter 000 task 03
2023-11-20 16:38:58,055 - INFO : =============================iter.000000==============================
2023-11-20 16:38:58,055 - INFO : -------------------------iter.000000 task 04--------------------------
2023-11-20 20:39:23,886 - INFO : start running
2023-11-20 20:39:23,899 - INFO : continue from iter 000 task 03
2023-11-20 20:39:23,899 - INFO : =============================iter.000000==============================
2023-11-20 20:39:23,899 - INFO : -------------------------iter.000000 task 04--------------------------
2023-11-20 21:19:01,513 - INFO : start running
2023-11-20 21:19:01,526 - INFO : continue from iter 000 task 03
2023-11-20 21:19:01,526 - INFO : =============================iter.000000==============================
2023-11-20 21:19:01,526 - INFO : -------------------------iter.000000 task 04--------------------------
2023-11-20 21:19:32,811 - INFO : -------------------------iter.000000 task 05--------------------------
2023-11-20 21:19:32,811 - INFO : -------------------------iter.000000 task 06--------------------------
2023-11-20 21:19:32,814 - INFO : system 000 candidate :    366 in    707  51.77 %
2023-11-20 21:19:32,814 - INFO : system 000 failed    :    289 in    707  40.88 %
2023-11-20 21:19:32,814 - INFO : system 000 accurate  :     52 in    707   7.36 %
2023-11-20 21:19:32,815 - INFO : system 000 accurate_ratio:   0.0736    thresholds: 1.0000 and 1.0000   eff. task min and max   -1   20   number of fp tasks:     20
2023-11-20 21:21:11,536 - INFO : start running
2023-11-20 21:21:11,549 - INFO : continue from iter 000 task 05
2023-11-20 21:21:11,549 - INFO : =============================iter.000000==============================
2023-11-20 21:21:11,549 - INFO : -------------------------iter.000000 task 06--------------------------
2023-11-20 21:21:11,551 - INFO : system 000 candidate :    366 in    707  51.77 %
2023-11-20 21:21:11,551 - INFO : system 000 failed    :    289 in    707  40.88 %
2023-11-20 21:21:11,551 - INFO : system 000 accurate  :     52 in    707   7.36 %
2023-11-20 21:21:11,552 - INFO : system 000 accurate_ratio:   0.0736    thresholds: 1.0000 and 1.0000   eff. task min and max   -1   20   number of fp tasks:     20
2023-11-20 21:41:36,077 - INFO : start running
2023-11-20 21:41:36,089 - INFO : continue from iter 000 task 05
2023-11-20 21:41:36,090 - INFO : =============================iter.000000==============================
2023-11-20 21:41:36,090 - INFO : -------------------------iter.000000 task 06--------------------------
2023-11-20 21:41:36,090 - INFO : system 000 candidate :      8 in    101   7.92 %
2023-11-20 21:41:36,091 - INFO : system 000 failed    :     92 in    101  91.09 %
2023-11-20 21:41:36,091 - INFO : system 000 accurate  :      1 in    101   0.99 %
2023-11-20 21:41:36,091 - INFO : system 000 accurate_ratio:   0.0099    thresholds: 1.0000 and 1.0000   eff. task min and max   -1   20   number of fp tasks:      8
2023-11-20 21:41:36,100 - INFO : -------------------------iter.000000 task 07--------------------------
2023-11-20 21:47:28,008 - INFO : start running
2023-11-20 21:47:28,020 - INFO : continue from iter 000 task 06
2023-11-20 21:47:28,020 - INFO : =============================iter.000000==============================
2023-11-20 21:47:28,021 - INFO : -------------------------iter.000000 task 07--------------------------
2023-11-20 21:48:11,408 - INFO : start running
2023-11-20 21:48:11,421 - INFO : continue from iter 000 task 05
2023-11-20 21:48:11,421 - INFO : =============================iter.000000==============================
2023-11-20 21:48:11,421 - INFO : -------------------------iter.000000 task 06--------------------------
2023-11-20 21:48:11,422 - INFO : system 000 candidate :      8 in    101   7.92 %
2023-11-20 21:48:11,422 - INFO : system 000 failed    :     92 in    101  91.09 %
2023-11-20 21:48:11,422 - INFO : system 000 accurate  :      1 in    101   0.99 %
2023-11-20 21:48:11,422 - INFO : system 000 accurate_ratio:   0.0099    thresholds: 1.0000 and 1.0000   eff. task min and max   -1   20   number of fp tasks:      8
2023-11-20 21:48:11,431 - INFO : -------------------------iter.000000 task 07--------------------------
2023-11-20 21:50:19,193 - INFO : start running
2023-11-20 21:50:19,207 - INFO : continue from iter 000 task 06
2023-11-20 21:50:19,207 - INFO : =============================iter.000000==============================
2023-11-20 21:50:19,207 - INFO : -------------------------iter.000000 task 07--------------------------
2023-11-20 21:52:26,780 - INFO : start running
2023-11-20 21:52:26,793 - INFO : continue from iter 000 task 06
2023-11-20 21:52:26,793 - INFO : =============================iter.000000==============================
2023-11-20 21:52:26,793 - INFO : -------------------------iter.000000 task 07--------------------------
2023-11-20 21:52:26,793 - INFO : -------------------------iter.000000 task 08--------------------------
2023-11-20 21:52:26,796 - INFO : =============================iter.000001==============================
2023-11-20 21:52:26,796 - INFO : -------------------------iter.000001 task 00--------------------------
2023-11-20 21:52:26,796 - INFO : -------------------------iter.000001 task 01--------------------------
2023-11-20 21:52:26,796 - INFO : -------------------------iter.000001 task 02--------------------------
2023-11-20 21:52:26,796 - INFO : -------------------------iter.000001 task 03--------------------------
2023-11-20 21:52:26,798 - INFO : -------------------------iter.000001 task 04--------------------------
2023-11-20 21:54:39,073 - INFO : start running
2023-11-20 21:54:55,138 - INFO : start running
2023-11-20 21:54:55,151 - INFO : continue from iter 000 task 05
2023-11-20 21:54:55,151 - INFO : =============================iter.000000==============================
2023-11-20 21:54:55,151 - INFO : -------------------------iter.000000 task 06--------------------------
2023-11-20 21:54:55,152 - INFO : system 000 candidate :      8 in    101   7.92 %
2023-11-20 21:54:55,152 - INFO : system 000 failed    :     92 in    101  91.09 %
2023-11-20 21:54:55,152 - INFO : system 000 accurate  :      1 in    101   0.99 %
2023-11-20 21:54:55,152 - INFO : system 000 accurate_ratio:   0.0099    thresholds: 1.0000 and 1.0000   eff. task min and max   -1   20   number of fp tasks:      8
2023-11-20 21:55:24,945 - INFO : start running
2023-11-20 21:55:24,957 - INFO : continue from iter 000 task 06
2023-11-20 21:55:24,958 - INFO : =============================iter.000000==============================
2023-11-20 21:55:24,958 - INFO : -------------------------iter.000000 task 07--------------------------
2023-11-20 21:56:06,292 - INFO : start running
2023-11-20 21:56:06,305 - INFO : continue from iter 000 task 03
2023-11-20 21:56:06,305 - INFO : =============================iter.000000==============================
2023-11-20 21:56:06,305 - INFO : -------------------------iter.000000 task 04--------------------------
2023-11-20 21:56:25,143 - INFO : start running
2023-11-20 21:56:25,155 - INFO : continue from iter 000 task 02
2023-11-20 21:56:25,155 - INFO : =============================iter.000000==============================
2023-11-20 21:56:25,155 - INFO : -------------------------iter.000000 task 03--------------------------
2023-11-20 21:56:25,157 - INFO : -------------------------iter.000000 task 04--------------------------
2023-11-20 21:59:19,736 - INFO : start running
2023-11-20 21:59:19,749 - INFO : continue from iter 000 task 03
2023-11-20 21:59:19,749 - INFO : =============================iter.000000==============================
2023-11-20 21:59:19,749 - INFO : -------------------------iter.000000 task 04--------------------------
2023-11-20 21:59:51,034 - INFO : -------------------------iter.000000 task 05--------------------------
2023-11-20 21:59:51,034 - INFO : -------------------------iter.000000 task 06--------------------------
2023-11-20 21:59:51,035 - INFO : system 000 candidate :     24 in    101  23.76 %
2023-11-20 21:59:51,035 - INFO : system 000 failed    :     76 in    101  75.25 %
2023-11-20 21:59:51,035 - INFO : system 000 accurate  :      1 in    101   0.99 %
2023-11-20 21:59:51,036 - INFO : system 000 accurate_ratio:   0.0099    thresholds: 1.0000 and 1.0000   eff. task min and max   -1   20   number of fp tasks:     20
2023-11-20 21:59:51,064 - INFO : -------------------------iter.000000 task 07--------------------------
2023-11-20 22:14:10,779 - INFO : start running
2023-11-20 22:14:10,792 - INFO : continue from iter 000 task 05
2023-11-20 22:14:10,792 - INFO : =============================iter.000000==============================
2023-11-20 22:14:10,792 - INFO : -------------------------iter.000000 task 06--------------------------
2023-11-20 22:14:10,793 - INFO : system 000 candidate :     24 in    101  23.76 %
2023-11-20 22:14:10,793 - INFO : system 000 failed    :     76 in    101  75.25 %
2023-11-20 22:14:10,793 - INFO : system 000 accurate  :      1 in    101   0.99 %
2023-11-20 22:14:10,793 - INFO : system 000 accurate_ratio:   0.0099    thresholds: 1.0000 and 1.0000   eff. task min and max   -1   20   number of fp tasks:     20
2023-11-20 22:14:10,814 - INFO : -------------------------iter.000000 task 07--------------------------
2023-11-20 22:25:14,985 - INFO : start running
2023-11-20 22:25:14,998 - INFO : continue from iter 000 task 05
2023-11-20 22:25:14,998 - INFO : =============================iter.000000==============================
2023-11-20 22:25:14,998 - INFO : -------------------------iter.000000 task 06--------------------------
2023-11-20 22:25:14,998 - INFO : system 000 candidate :     24 in    101  23.76 %
2023-11-20 22:25:14,999 - INFO : system 000 failed    :     76 in    101  75.25 %
2023-11-20 22:25:14,999 - INFO : system 000 accurate  :      1 in    101   0.99 %
2023-11-20 22:25:14,999 - INFO : system 000 accurate_ratio:   0.0099    thresholds: 1.0000 and 1.0000   eff. task min and max   -1   20   number of fp tasks:     20
2023-11-20 22:25:15,021 - INFO : -------------------------iter.000000 task 07--------------------------
2023-11-21 08:53:14,923 - INFO : start running
2023-11-21 08:53:14,936 - INFO : continue from iter 000 task 06
2023-11-21 08:53:14,936 - INFO : =============================iter.000000==============================
2023-11-21 08:53:14,936 - INFO : -------------------------iter.000000 task 07--------------------------
2023-11-21 09:00:18,399 - INFO : start running
2023-11-21 09:00:18,412 - INFO : continue from iter 000 task 06
2023-11-21 09:00:18,412 - INFO : =============================iter.000000==============================
2023-11-21 09:00:18,412 - INFO : -------------------------iter.000000 task 07--------------------------
2023-11-21 09:01:07,504 - INFO : start running
2023-11-21 09:01:26,749 - INFO : start running
2023-11-21 09:01:26,762 - INFO : continue from iter 000 task 06
2023-11-21 09:01:26,762 - INFO : =============================iter.000000==============================
2023-11-21 09:01:26,762 - INFO : -------------------------iter.000000 task 07--------------------------
2023-11-21 10:07:10,616 - INFO : start running
2023-11-21 10:07:10,629 - INFO : continue from iter 000 task 06
2023-11-21 10:07:10,629 - INFO : =============================iter.000000==============================
2023-11-21 10:07:10,629 - INFO : -------------------------iter.000000 task 07--------------------------
2023-11-21 10:30:35,441 - INFO : start running
2023-11-21 10:30:35,454 - INFO : continue from iter 000 task 06
2023-11-21 10:30:35,454 - INFO : =============================iter.000000==============================
2023-11-21 10:30:35,454 - INFO : -------------------------iter.000000 task 07--------------------------
2023-11-21 11:38:15,411 - INFO : start running
2023-11-21 11:38:15,424 - INFO : continue from iter 000 task 06
2023-11-21 11:38:15,424 - INFO : =============================iter.000000==============================
2023-11-21 11:38:15,424 - INFO : -------------------------iter.000000 task 07--------------------------
2023-11-21 11:40:17,019 - INFO : start running
2023-11-21 11:40:17,032 - INFO : continue from iter 000 task 06
2023-11-21 11:40:17,032 - INFO : =============================iter.000000==============================
2023-11-21 11:40:17,032 - INFO : -------------------------iter.000000 task 07--------------------------
2023-11-21 11:50:42,859 - INFO : -------------------------iter.000000 task 08--------------------------
2023-11-21 11:50:42,872 - INFO : failed tasks:      0 in     17    0.00 % 
2023-11-21 11:50:42,874 - INFO : =============================iter.000001==============================
2023-11-21 11:50:42,874 - INFO : -------------------------iter.000001 task 00--------------------------
2023-11-21 11:50:42,879 - INFO : -------------------------iter.000001 task 01--------------------------
2023-11-21 19:47:08,656 - INFO : -------------------------iter.000001 task 02--------------------------
2023-11-21 19:47:08,656 - INFO : -------------------------iter.000001 task 03--------------------------
2023-11-21 19:47:08,658 - INFO : -------------------------iter.000001 task 04--------------------------
2023-11-22 19:00:06,038 - INFO : start running
2023-11-22 19:00:06,051 - INFO : continue from iter 001 task 03
2023-11-22 19:00:06,051 - INFO : =============================iter.000000==============================
2023-11-22 19:00:06,051 - INFO : =============================iter.000001==============================
2023-11-22 19:00:06,051 - INFO : -------------------------iter.000001 task 04--------------------------
2023-11-22 19:02:53,036 - INFO : start running
2023-11-22 19:02:53,049 - INFO : continue from iter 001 task 03
2023-11-22 19:02:53,049 - INFO : =============================iter.000000==============================
2023-11-22 19:02:53,049 - INFO : =============================iter.000001==============================
2023-11-22 19:02:53,049 - INFO : -------------------------iter.000001 task 04--------------------------
2023-11-22 19:03:47,235 - INFO : start running
2023-11-22 19:03:47,248 - INFO : continue from iter 001 task 03
2023-11-22 19:03:47,248 - INFO : =============================iter.000000==============================
2023-11-22 19:03:47,249 - INFO : =============================iter.000001==============================
2023-11-22 19:03:47,249 - INFO : -------------------------iter.000001 task 04--------------------------
2023-11-22 19:04:09,262 - INFO : start running
2023-11-22 19:04:09,275 - INFO : continue from iter 001 task 02
2023-11-22 19:04:09,275 - INFO : =============================iter.000000==============================
2023-11-22 19:04:09,275 - INFO : =============================iter.000001==============================
2023-11-22 19:04:09,275 - INFO : -------------------------iter.000001 task 03--------------------------
2023-11-22 19:04:09,279 - INFO : -------------------------iter.000001 task 04--------------------------
2023-11-23 12:29:48,677 - INFO : start running
2023-11-23 12:29:48,690 - INFO : continue from iter 001 task 02
2023-11-23 12:29:48,690 - INFO : =============================iter.000000==============================
2023-11-23 12:29:48,690 - INFO : =============================iter.000001==============================
2023-11-23 12:29:48,690 - INFO : -------------------------iter.000001 task 03--------------------------
2023-11-23 12:29:48,693 - INFO : -------------------------iter.000001 task 04--------------------------
2023-11-23 12:30:19,741 - INFO : -------------------------iter.000001 task 05--------------------------
2023-11-23 12:30:19,742 - INFO : -------------------------iter.000001 task 06--------------------------
2023-11-23 12:30:19,743 - INFO : system 000 candidate :     20 in    301   6.64 %
2023-11-23 12:30:19,743 - INFO : system 000 failed    :    279 in    301  92.69 %
2023-11-23 12:30:19,743 - INFO : system 000 accurate  :      2 in    301   0.66 %
2023-11-23 12:30:19,744 - INFO : system 000 accurate_ratio:   0.0066    thresholds: 1.0000 and 1.0000   eff. task min and max   -1   20   number of fp tasks:     20
2023-11-23 12:30:19,770 - INFO : -------------------------iter.000001 task 07--------------------------
2023-11-23 12:44:24,817 - INFO : -------------------------iter.000001 task 08--------------------------
2023-11-23 12:44:24,840 - INFO : failed tasks:      0 in     20    0.00 % 
2023-11-23 12:44:24,849 - INFO : =============================iter.000002==============================
2023-11-23 12:44:24,849 - INFO : -------------------------iter.000002 task 00--------------------------
2023-11-23 12:44:24,859 - INFO : -------------------------iter.000002 task 01--------------------------
2023-11-23 23:03:58,798 - INFO : -------------------------iter.000002 task 02--------------------------
2023-11-23 23:03:58,798 - INFO : -------------------------iter.000002 task 03--------------------------
2023-11-23 23:03:58,798 - INFO : finished
2023-11-26 19:40:04,849 - INFO : start simplifying
2023-11-26 19:52:09,018 - INFO : start simplifying
