2023-11-16 17:57:08.498120: I tensorflow/core/platform/cpu_feature_guard.cc:182] This TensorFlow binary is optimized to use available CPU instructions in performance-critical operations.
To enable the following instructions: AVX2 FMA, in other operations, rebuild TensorFlow with the appropriate compiler flags.
2023-11-16 17:57:09.049878: W tensorflow/compiler/tf2tensorrt/utils/py_utils.cc:38] TF-TRT Warning: Could not find TensorRT
WARNING:tensorflow:From /home/sekinelabo/.pyenv/versions/3.11.4/lib/python3.11/site-packages/tensorflow/python/compat/v2_compat.py:107: disable_resource_variables (from tensorflow.python.ops.variable_scope) is deprecated and will be removed in a future version.
Instructions for updating:
non-resource variables are not supported in the long term
WARNING:root:To get the best performance, it is recommended to adjust the number of threads by setting the environment variables OMP_NUM_THREADS, TF_INTRA_OP_PARALLELISM_THREADS, and TF_INTER_OP_PARALLELISM_THREADS. See https://deepmd.rtfd.io/parallelism/ for more information.
Traceback (most recent call last):
  File "/home/sekinelabo/.pyenv/versions/3.11.4/bin/dp", line 8, in <module>
    sys.exit(main())
             ^^^^^^
  File "/home/sekinelabo/.pyenv/versions/3.11.4/lib/python3.11/site-packages/deepmd_cli/main.py", line 593, in main
    from deepmd.entrypoints.main import main as deepmd_main
  File "/home/sekinelabo/.pyenv/versions/3.11.4/lib/python3.11/site-packages/deepmd/__init__.py", line 32, in <module>
    set_mkl()
  File "/home/sekinelabo/.pyenv/versions/3.11.4/lib/python3.11/site-packages/deepmd/env.py", line 244, in set_mkl
    if "mkl_rt" in np.__config__.get_info("blas_mkl_info").get("libraries", []):
                   ^^^^^^^^^^^^^^^^^^^^^^
AttributeError: module 'numpy.__config__' has no attribute 'get_info'
2023-11-16 17:57:38.861354: I tensorflow/core/platform/cpu_feature_guard.cc:182] This TensorFlow binary is optimized to use available CPU instructions in performance-critical operations.
To enable the following instructions: AVX2 FMA, in other operations, rebuild TensorFlow with the appropriate compiler flags.
2023-11-16 17:57:39.418129: W tensorflow/compiler/tf2tensorrt/utils/py_utils.cc:38] TF-TRT Warning: Could not find TensorRT
WARNING:tensorflow:From /home/sekinelabo/.pyenv/versions/3.11.4/lib/python3.11/site-packages/tensorflow/python/compat/v2_compat.py:107: disable_resource_variables (from tensorflow.python.ops.variable_scope) is deprecated and will be removed in a future version.
Instructions for updating:
non-resource variables are not supported in the long term
WARNING:root:To get the best performance, it is recommended to adjust the number of threads by setting the environment variables OMP_NUM_THREADS, TF_INTRA_OP_PARALLELISM_THREADS, and TF_INTER_OP_PARALLELISM_THREADS. See https://deepmd.rtfd.io/parallelism/ for more information.
Traceback (most recent call last):
  File "/home/sekinelabo/.pyenv/versions/3.11.4/bin/dp", line 8, in <module>
    sys.exit(main())
             ^^^^^^
  File "/home/sekinelabo/.pyenv/versions/3.11.4/lib/python3.11/site-packages/deepmd_cli/main.py", line 593, in main
    from deepmd.entrypoints.main import main as deepmd_main
  File "/home/sekinelabo/.pyenv/versions/3.11.4/lib/python3.11/site-packages/deepmd/__init__.py", line 32, in <module>
    set_mkl()
  File "/home/sekinelabo/.pyenv/versions/3.11.4/lib/python3.11/site-packages/deepmd/env.py", line 244, in set_mkl
    if "mkl_rt" in np.__config__.get_info("blas_mkl_info").get("libraries", []):
                   ^^^^^^^^^^^^^^^^^^^^^^
AttributeError: module 'numpy.__config__' has no attribute 'get_info'
